#
# A fatal error has been detected by the Java Runtime Environment:
#
#  SIGSEGV (0xb) at pc=0x00007fc9d6f432c8, pid=13720, tid=0x00007fca26385700
#
# JRE version: OpenJDK Runtime Environment (8.0_131-b11) (build 1.8.0_131-8u131-b11-0ubuntu1.16.04.2-b11)
# Java VM: OpenJDK 64-Bit Server VM (25.131-b11 mixed mode linux-amd64 compressed oops)
# Problematic frame:
# C  [libswt-pi-gtk-3836.so+0x4f2c8]  Java_org_eclipse_swt_internal_gtk_OS__1gtk_1style_1get_1bg+0x18
#
# Failed to write core dump. Core dumps have been disabled. To enable core dumping, try "ulimit -c unlimited" before starting Java again
#
# If you would like to submit a bug report, please visit:
#   http://bugreport.java.com/bugreport/crash.jsp
# The crash happened outside the Java Virtual Machine in native code.
# See problematic frame for where to report the bug.
#

---------------  T H R E A D  ---------------

Current thread (0x00007fca1c00e000):  JavaThread "main" [_thread_in_native, id=13721, stack(0x00007fca26285000,0x00007fca26386000)]

siginfo: si_signo: 11 (SIGSEGV), si_code: 1 (SEGV_MAPERR), si_addr: 0x0000000000000054

Registers:
RAX=0x0000000000000050, RBX=0x00007fc9d74a29e0, RCX=0x0000000000000000, RDX=0x0000000000000000
RSP=0x00007fca26383870, RBP=0x00007fca263838f8, RSI=0x00007fca26383918, RDI=0x00007fca1c00e1e0
R8 =0x00007fca26383918, R9 =0x0000000000000000, R10=0x00007fca0d015548, R11=0x00007fca24f9d820
R12=0x0000000000000000, R13=0x00007fc9d74a29e0, R14=0x00007fca26383930, R15=0x00007fca1c00e000
RIP=0x00007fc9d6f432c8, EFLAGS=0x0000000000010202, CSGSFS=0xf4f6000000000033, ERR=0x0000000000000004
  TRAPNO=0x000000000000000e

Top of Stack: (sp=0x00007fca26383870)
0x00007fca26383870:   00007fca1c00e000 00007fca1c00ee80
0x00007fca26383880:   0000000000000508 00007fca0d015574
0x00007fca26383890:   0000000000000000 00007fc9de22aaf4
0x00007fca263838a0:   ffff0000ff000000 00007fca0d015a7d
0x00007fca263838b0:   ffff0000ff000000 00007fca263838b8
0x00007fca263838c0:   0000000000000000 00007fca26383930
0x00007fca263838d0:   00007fc9d74ca680 0000000000000000
0x00007fca263838e0:   00007fc9d74a29e0 0000000000000000
0x00007fca263838f0:   00007fca26383918 00007fca26383978
0x00007fca26383900:   00007fca0d007ffd 00000000e8342e70
0x00007fca26383910:   00007fca0d011278 00000000f8084c30
0x00007fca26383920:   0000000000000000 0000000000000000
0x00007fca26383930:   0000000000000001 00007fca26383938
0x00007fca26383940:   00007fc9d74a2a82 00007fca263839b0
0x00007fca26383950:   00007fc9d74ca680 0000000000000000
0x00007fca26383960:   00007fc9d74a2ac0 00007fca26383918
0x00007fca26383970:   00007fca26383998 00007fca263839f8
0x00007fca26383980:   00007fca0d007ffd 0000000000000000
0x00007fca26383990:   0000000000000000 00000000f8084c30
0x00007fca263839a0:   0000000000000000 0000000000000000
0x00007fca263839b0:   00000000f8084c30 00007fca263839b8
0x00007fca263839c0:   00007fc9d78a3087 00007fca26383a20
0x00007fca263839d0:   00007fc9d750f6a8 0000000000000000
0x00007fca263839e0:   00007fc9d78a3098 00007fca26383998
0x00007fca263839f0:   00007fca26383a20 00007fca26383a68
0x00007fca26383a00:   00007fca0d007d80 00000000f8084c30
0x00007fca26383a10:   00007fca1c342eb0 0000000000000000
0x00007fca26383a20:   00000000e8343900 00007fca26383a28
0x00007fca26383a30:   00007fc9d78a2f31 00007fca26383a78
0x00007fca26383a40:   00007fc9d750f6a8 0000000000000000
0x00007fca26383a50:   00007fc9d78a2f40 00007fca26383a20
0x00007fca26383a60:   00007fca26383a78 00007fca26383ac0 

Instructions: (pc=0x00007fc9d6f432c8)
0x00007fc9d6f432a8:   0f 1f 84 00 00 00 00 00 4d 85 c0 74 33 48 63 c9
0x00007fc9d6f432b8:   48 83 ec 18 4c 89 c6 48 8d 04 49 48 8d 44 82 50
0x00007fc9d6f432c8:   48 8b 50 04 8b 40 0c 48 89 14 24 48 89 e2 89 44
0x00007fc9d6f432d8:   24 08 e8 51 8a 00 00 48 83 c4 18 c3 0f 1f 40 00 

Register to memory mapping:

RAX=0x0000000000000050 is an unknown value
RBX={method} {0x00007fc9d74a29e0} '_gtk_style_get_bg' '(JILorg/eclipse/swt/internal/gtk/GdkColor;)V' in 'org/eclipse/swt/internal/gtk/OS'
RCX=0x0000000000000000 is an unknown value
RDX=0x0000000000000000 is an unknown value
RSP=0x00007fca26383870 is pointing into the stack for thread: 0x00007fca1c00e000
RBP=0x00007fca263838f8 is pointing into the stack for thread: 0x00007fca1c00e000
RSI=0x00007fca26383918 is pointing into the stack for thread: 0x00007fca1c00e000
RDI=0x00007fca1c00e1e0 is an unknown value
R8 =0x00007fca26383918 is pointing into the stack for thread: 0x00007fca1c00e000
R9 =0x0000000000000000 is an unknown value
R10=0x00007fca0d015548 is at code_begin+808 in an Interpreter codelet
method entry point (kind = native)  [0x00007fca0d015220, 0x00007fca0d015b20]  2304 bytes
R11=0x00007fca24f9d820: <offset 0x95b820> in /usr/lib/jvm/java-8-openjdk-amd64/jre/lib/amd64/server/libjvm.so at 0x00007fca24642000
R12=0x0000000000000000 is an unknown value
R13={method} {0x00007fc9d74a29e0} '_gtk_style_get_bg' '(JILorg/eclipse/swt/internal/gtk/GdkColor;)V' in 'org/eclipse/swt/internal/gtk/OS'
R14=0x00007fca26383930 is pointing into the stack for thread: 0x00007fca1c00e000
R15=0x00007fca1c00e000 is a thread


Stack: [0x00007fca26285000,0x00007fca26386000],  sp=0x00007fca26383870,  free space=1018k
Native frames: (J=compiled Java code, j=interpreted, Vv=VM code, C=native code)
C  [libswt-pi-gtk-3836.so+0x4f2c8]  Java_org_eclipse_swt_internal_gtk_OS__1gtk_1style_1get_1bg+0x18
j  org.eclipse.swt.internal.gtk.OS.gtk_style_get_bg(JILorg/eclipse/swt/internal/gtk/GdkColor;)V+10
j  org.eclipse.swt.widgets.Control.getBgColor()Lorg/eclipse/swt/internal/gtk/GdkColor;+23
j  org.eclipse.swt.widgets.Control.getBackgroundColor()Lorg/eclipse/swt/internal/gtk/GdkColor;+1
j  org.eclipse.swt.widgets.Control.setBackground(Lorg/eclipse/swt/graphics/Color;)V+79
j  org.eclipse.jface.dialogs.TitleAreaDialog.createTitleArea(Lorg/eclipse/swt/widgets/Composite;)Lorg/eclipse/swt/widgets/Control;+64
j  org.eclipse.jface.dialogs.TitleAreaDialog.createContents(Lorg/eclipse/swt/widgets/Composite;)Lorg/eclipse/swt/widgets/Control;+93
j  org.eclipse.jface.window.Window.create()V+14
j  org.eclipse.jface.dialogs.Dialog.create()V+1
j  org.eclipse.jface.window.Window.open()I+23
j  org.eclipse.ui.internal.ide.ChooseWorkspaceDialog.prompt(Z)V+15
j  org.eclipse.ui.internal.ide.application.IDEApplication.promptForWorkspace(Lorg/eclipse/swt/widgets/Shell;Lorg/eclipse/ui/internal/ide/ChooseWorkspaceData;Z)Ljava/net/URL;+15
j  org.eclipse.ui.internal.ide.application.IDEApplication.checkInstanceLocation(Lorg/eclipse/swt/widgets/Shell;Ljava/util/Map;)Ljava/lang/Object;+183
j  org.eclipse.ui.internal.ide.application.IDEApplication.start(Lorg/eclipse/equinox/app/IApplicationContext;)Ljava/lang/Object;+50
j  org.eclipse.equinox.internal.app.EclipseAppHandle.run(Ljava/lang/Object;)Ljava/lang/Object;+135
j  org.eclipse.core.runtime.internal.adaptor.EclipseAppLauncher.runApplication(Ljava/lang/Object;)Ljava/lang/Object;+103
j  org.eclipse.core.runtime.internal.adaptor.EclipseAppLauncher.start(Ljava/lang/Object;)Ljava/lang/Object;+29
j  org.eclipse.core.runtime.adaptor.EclipseStarter.run(Ljava/lang/Object;)Ljava/lang/Object;+119
j  org.eclipse.core.runtime.adaptor.EclipseStarter.run([Ljava/lang/String;Ljava/lang/Runnable;)Ljava/lang/Object;+183
v  ~StubRoutines::call_stub
V  [libjvm.so+0x66211b]
V  [libjvm.so+0x937986]
V  [libjvm.so+0x93969f]
V  [libjvm.so+0x6add59]  JVM_InvokeMethod+0x119
j  sun.reflect.NativeMethodAccessorImpl.invoke0(Ljava/lang/reflect/Method;Ljava/lang/Object;[Ljava/lang/Object;)Ljava/lang/Object;+0
j  sun.reflect.NativeMethodAccessorImpl.invoke(Ljava/lang/Object;[Ljava/lang/Object;)Ljava/lang/Object;+100
j  sun.reflect.DelegatingMethodAccessorImpl.invoke(Ljava/lang/Object;[Ljava/lang/Object;)Ljava/lang/Object;+6
j  java.lang.reflect.Method.invoke(Ljava/lang/Object;[Ljava/lang/Object;)Ljava/lang/Object;+56
j  org.eclipse.equinox.launcher.Main.invokeFramework([Ljava/lang/String;[Ljava/net/URL;)V+211
j  org.eclipse.equinox.launcher.Main.basicRun([Ljava/lang/String;)V+126
j  org.eclipse.equinox.launcher.Main.run([Ljava/lang/String;)I+4
j  org.eclipse.equinox.launcher.Main.main([Ljava/lang/String;)V+10
v  ~StubRoutines::call_stub
V  [libjvm.so+0x66211b]
V  [libjvm.so+0x683e5e]
V  [libjvm.so+0x68678f]
C  [libjli.so+0x3552]
C  [libjli.so+0x73dd]
C  [libpthread.so.0+0x76ba]  start_thread+0xca

Java frames: (J=compiled Java code, j=interpreted, Vv=VM code)
j  org.eclipse.swt.internal.gtk.OS._gtk_style_get_bg(JILorg/eclipse/swt/internal/gtk/GdkColor;)V+0
j  org.eclipse.swt.internal.gtk.OS.gtk_style_get_bg(JILorg/eclipse/swt/internal/gtk/GdkColor;)V+10
j  org.eclipse.swt.widgets.Control.getBgColor()Lorg/eclipse/swt/internal/gtk/GdkColor;+23
j  org.eclipse.swt.widgets.Control.getBackgroundColor()Lorg/eclipse/swt/internal/gtk/GdkColor;+1
j  org.eclipse.swt.widgets.Control.setBackground(Lorg/eclipse/swt/graphics/Color;)V+79
j  org.eclipse.jface.dialogs.TitleAreaDialog.createTitleArea(Lorg/eclipse/swt/widgets/Composite;)Lorg/eclipse/swt/widgets/Control;+64
j  org.eclipse.jface.dialogs.TitleAreaDialog.createContents(Lorg/eclipse/swt/widgets/Composite;)Lorg/eclipse/swt/widgets/Control;+93
j  org.eclipse.jface.window.Window.create()V+14
j  org.eclipse.jface.dialogs.Dialog.create()V+1
j  org.eclipse.jface.window.Window.open()I+23
j  org.eclipse.ui.internal.ide.ChooseWorkspaceDialog.prompt(Z)V+15
j  org.eclipse.ui.internal.ide.application.IDEApplication.promptForWorkspace(Lorg/eclipse/swt/widgets/Shell;Lorg/eclipse/ui/internal/ide/ChooseWorkspaceData;Z)Ljava/net/URL;+15
j  org.eclipse.ui.internal.ide.application.IDEApplication.checkInstanceLocation(Lorg/eclipse/swt/widgets/Shell;Ljava/util/Map;)Ljava/lang/Object;+183
j  org.eclipse.ui.internal.ide.application.IDEApplication.start(Lorg/eclipse/equinox/app/IApplicationContext;)Ljava/lang/Object;+50
j  org.eclipse.equinox.internal.app.EclipseAppHandle.run(Ljava/lang/Object;)Ljava/lang/Object;+135
j  org.eclipse.core.runtime.internal.adaptor.EclipseAppLauncher.runApplication(Ljava/lang/Object;)Ljava/lang/Object;+103
j  org.eclipse.core.runtime.internal.adaptor.EclipseAppLauncher.start(Ljava/lang/Object;)Ljava/lang/Object;+29
j  org.eclipse.core.runtime.adaptor.EclipseStarter.run(Ljava/lang/Object;)Ljava/lang/Object;+119
j  org.eclipse.core.runtime.adaptor.EclipseStarter.run([Ljava/lang/String;Ljava/lang/Runnable;)Ljava/lang/Object;+183
v  ~StubRoutines::call_stub
j  sun.reflect.NativeMethodAccessorImpl.invoke0(Ljava/lang/reflect/Method;Ljava/lang/Object;[Ljava/lang/Object;)Ljava/lang/Object;+0
j  sun.reflect.NativeMethodAccessorImpl.invoke(Ljava/lang/Object;[Ljava/lang/Object;)Ljava/lang/Object;+100
j  sun.reflect.DelegatingMethodAccessorImpl.invoke(Ljava/lang/Object;[Ljava/lang/Object;)Ljava/lang/Object;+6
j  java.lang.reflect.Method.invoke(Ljava/lang/Object;[Ljava/lang/Object;)Ljava/lang/Object;+56
j  org.eclipse.equinox.launcher.Main.invokeFramework([Ljava/lang/String;[Ljava/net/URL;)V+211
j  org.eclipse.equinox.launcher.Main.basicRun([Ljava/lang/String;)V+126
j  org.eclipse.equinox.launcher.Main.run([Ljava/lang/String;)I+4
j  org.eclipse.equinox.launcher.Main.main([Ljava/lang/String;)V+10
v  ~StubRoutines::call_stub

---------------  P R O C E S S  ---------------

Java Threads: ( => current thread )
  0x00007fc9d8003000 JavaThread "Thread-0" [_thread_in_native, id=13745, stack(0x00007fc9d5725000,0x00007fc9d5826000)]
  0x00007fc9f0001000 JavaThread "SIGINT handler" daemon [_thread_blocked, id=13741, stack(0x00007fc9d7cfd000,0x00007fc9d7dfe000)]
  0x00007fca1c4a2800 JavaThread "Gogo shell" [_thread_blocked, id=13740, stack(0x00007fc9d75fa000,0x00007fc9d76fb000)]
  0x00007fc9cc145000 JavaThread "Worker-JM" [_thread_blocked, id=13739, stack(0x00007fc9d78fb000,0x00007fc9d79fc000)]
  0x00007fc9cc075800 JavaThread "[Timer] - Main Queue Handler" daemon [_thread_blocked, id=13738, stack(0x00007fc9d7bfc000,0x00007fc9d7cfd000)]
  0x00007fc9cc027800 JavaThread "Framework Event Dispatcher" daemon [_thread_blocked, id=13736, stack(0x00007fc9d7dfe000,0x00007fc9d7eff000)]
  0x00007fca1c451800 JavaThread "Start Level Event Dispatcher" daemon [_thread_blocked, id=13735, stack(0x00007fc9d7eff000,0x00007fc9d8000000)]
  0x00007fca1c443800 JavaThread "State Data Manager" daemon [_thread_blocked, id=13734, stack(0x00007fc9dc0dd000,0x00007fc9dc1de000)]
  0x00007fca1c427800 JavaThread "Framework Active Thread" [_thread_blocked, id=13733, stack(0x00007fc9e408d000,0x00007fc9e418e000)]
  0x00007fca1c139800 JavaThread "Service Thread" daemon [_thread_blocked, id=13730, stack(0x00007fca0c21d000,0x00007fca0c31e000)]
  0x00007fca1c137000 JavaThread "C1 CompilerThread1" daemon [_thread_blocked, id=13729, stack(0x00007fca0c31e000,0x00007fca0c41f000)]
  0x00007fca1c134000 JavaThread "C2 CompilerThread0" daemon [_thread_blocked, id=13728, stack(0x00007fca0c41f000,0x00007fca0c520000)]
  0x00007fca1c132000 JavaThread "Signal Dispatcher" daemon [_thread_blocked, id=13727, stack(0x00007fca0c520000,0x00007fca0c621000)]
  0x00007fca1c10a800 JavaThread "Finalizer" daemon [_thread_blocked, id=13726, stack(0x00007fca0c8f9000,0x00007fca0c9fa000)]
  0x00007fca1c106000 JavaThread "Reference Handler" daemon [_thread_blocked, id=13725, stack(0x00007fca0c9fa000,0x00007fca0cafb000)]
=>0x00007fca1c00e000 JavaThread "main" [_thread_in_native, id=13721, stack(0x00007fca26285000,0x00007fca26386000)]

Other Threads:
  0x00007fca1c0fe800 VMThread [stack: 0x00007fca0cafb000,0x00007fca0cbfc000] [id=13724]
  0x00007fca1c140800 WatcherThread [stack: 0x00007fca0c11c000,0x00007fca0c21d000] [id=13731]

VM state:not at safepoint (normal execution)

VM Mutex/Monitor currently owned by a thread: None

Heap:
 PSYoungGen      total 22016K, used 2234K [0x00000000f8000000, 0x00000000fab00000, 0x0000000100000000)
  eden space 20480K, 3% used [0x00000000f8000000,0x00000000f80b4948,0x00000000f9400000)
  from space 1536K, 98% used [0x00000000f9400000,0x00000000f957a080,0x00000000f9580000)
  to   space 1536K, 0% used [0x00000000fa980000,0x00000000fa980000,0x00000000fab00000)
 ParOldGen       total 27648K, used 9250K [0x00000000e8000000, 0x00000000e9b00000, 0x00000000f8000000)
  object space 27648K, 33% used [0x00000000e8000000,0x00000000e89089f0,0x00000000e9b00000)
 Metaspace       used 14534K, capacity 15996K, committed 16256K, reserved 1062912K
  class space    used 1483K, capacity 1876K, committed 1920K, reserved 1048576K

Card table byte_map: [0x00007fca261c4000,0x00007fca26285000] byte_map_base: 0x00007fca25a84000

Marking Bits: (ParMarkBitMap*) 0x00007fca25562260
 Begin Bits: [0x00007fca21161000, 0x00007fca21761000)
 End Bits:   [0x00007fca21761000, 0x00007fca21d61000)

Polling page: 0x00007fca263b4000

CodeCache: size=245760Kb used=4031Kb max_used=4263Kb free=241728Kb
 bounds [0x00007fca0d000000, 0x00007fca0d430000, 0x00007fca1c000000]
 total_blobs=1476 nmethods=996 adapters=396
 compilation: enabled

Compilation events (10 events):
Event: 6.739 Thread 0x00007fca1c137000 1088       1       java.util.Hashtable$Entry::getKey (5 bytes)
Event: 6.739 Thread 0x00007fca1c137000 nmethod 1088 0x00007fca0d31ac50 code [0x00007fca0d31ada0, 0x00007fca0d31aeb0]
Event: 6.739 Thread 0x00007fca1c137000 1089       1       java.util.Hashtable$Entry::getValue (5 bytes)
Event: 6.739 Thread 0x00007fca1c137000 nmethod 1089 0x00007fca0d31bc90 code [0x00007fca0d31bde0, 0x00007fca0d31bef0]
Event: 6.831 Thread 0x00007fca1c137000 1091       1       java.lang.ref.Finalizer::access$000 (4 bytes)
Event: 6.831 Thread 0x00007fca1c137000 nmethod 1091 0x00007fca0d2eaa50 code [0x00007fca0d2eaba0, 0x00007fca0d2eac90]
Event: 6.832 Thread 0x00007fca1c137000 1092       1       java.util.logging.LogManager$LoggerContext::getOwner (5 bytes)
Event: 6.832 Thread 0x00007fca1c137000 nmethod 1092 0x00007fca0d369d90 code [0x00007fca0d369ee0, 0x00007fca0d369ff0]
Event: 11.426 Thread 0x00007fca1c137000 1093   !   3       java.lang.ClassLoader::findNative (86 bytes)
Event: 11.427 Thread 0x00007fca1c137000 nmethod 1093 0x00007fca0d368f90 code [0x00007fca0d369140, 0x00007fca0d3699f8]

GC Heap History (6 events):
Event: 3.893 GC heap before
{Heap before GC invocations=1 (full 0):
 PSYoungGen      total 11776K, used 10240K [0x00000000f8000000, 0x00000000f8d00000, 0x0000000100000000)
  eden space 10240K, 100% used [0x00000000f8000000,0x00000000f8a00000,0x00000000f8a00000)
  from space 1536K, 0% used [0x00000000f8b80000,0x00000000f8b80000,0x00000000f8d00000)
  to   space 1536K, 0% used [0x00000000f8a00000,0x00000000f8a00000,0x00000000f8b80000)
 ParOldGen       total 27648K, used 0K [0x00000000e8000000, 0x00000000e9b00000, 0x00000000f8000000)
  object space 27648K, 0% used [0x00000000e8000000,0x00000000e8000000,0x00000000e9b00000)
 Metaspace       used 6535K, capacity 6782K, committed 6912K, reserved 1056768K
  class space    used 709K, capacity 758K, committed 768K, reserved 1048576K
Event: 3.936 GC heap after
Heap after GC invocations=1 (full 0):
 PSYoungGen      total 11776K, used 1533K [0x00000000f8000000, 0x00000000f9700000, 0x0000000100000000)
  eden space 10240K, 0% used [0x00000000f8000000,0x00000000f8000000,0x00000000f8a00000)
  from space 1536K, 99% used [0x00000000f8a00000,0x00000000f8b7f6e0,0x00000000f8b80000)
  to   space 1536K, 0% used [0x00000000f9580000,0x00000000f9580000,0x00000000f9700000)
 ParOldGen       total 27648K, used 1782K [0x00000000e8000000, 0x00000000e9b00000, 0x00000000f8000000)
  object space 27648K, 6% used [0x00000000e8000000,0x00000000e81bd9e0,0x00000000e9b00000)
 Metaspace       used 6535K, capacity 6782K, committed 6912K, reserved 1056768K
  class space    used 709K, capacity 758K, committed 768K, reserved 1048576K
}
Event: 4.273 GC heap before
{Heap before GC invocations=2 (full 0):
 PSYoungGen      total 11776K, used 11773K [0x00000000f8000000, 0x00000000f9700000, 0x0000000100000000)
  eden space 10240K, 100% used [0x00000000f8000000,0x00000000f8a00000,0x00000000f8a00000)
  from space 1536K, 99% used [0x00000000f8a00000,0x00000000f8b7f6e0,0x00000000f8b80000)
  to   space 1536K, 0% used [0x00000000f9580000,0x00000000f9580000,0x00000000f9700000)
 ParOldGen       total 27648K, used 1782K [0x00000000e8000000, 0x00000000e9b00000, 0x00000000f8000000)
  object space 27648K, 6% used [0x00000000e8000000,0x00000000e81bd9e0,0x00000000e9b00000)
 Metaspace       used 7117K, capacity 7288K, committed 7552K, reserved 1056768K
  class space    used 759K, capacity 796K, committed 896K, reserved 1048576K
Event: 4.297 GC heap after
Heap after GC invocations=2 (full 0):
 PSYoungGen      total 22016K, used 1520K [0x00000000f8000000, 0x00000000f9700000, 0x0000000100000000)
  eden space 20480K, 0% used [0x00000000f8000000,0x00000000f8000000,0x00000000f9400000)
  from space 1536K, 98% used [0x00000000f9580000,0x00000000f96fc010,0x00000000f9700000)
  to   space 1536K, 0% used [0x00000000f9400000,0x00000000f9400000,0x00000000f9580000)
 ParOldGen       total 27648K, used 2714K [0x00000000e8000000, 0x00000000e9b00000, 0x00000000f8000000)
  object space 27648K, 9% used [0x00000000e8000000,0x00000000e82a6860,0x00000000e9b00000)
 Metaspace       used 7117K, capacity 7288K, committed 7552K, reserved 1056768K
  class space    used 759K, capacity 796K, committed 896K, reserved 1048576K
}
Event: 6.764 GC heap before
{Heap before GC invocations=3 (full 0):
 PSYoungGen      total 22016K, used 22000K [0x00000000f8000000, 0x00000000f9700000, 0x0000000100000000)
  eden space 20480K, 100% used [0x00000000f8000000,0x00000000f9400000,0x00000000f9400000)
  from space 1536K, 98% used [0x00000000f9580000,0x00000000f96fc010,0x00000000f9700000)
  to   space 1536K, 0% used [0x00000000f9400000,0x00000000f9400000,0x00000000f9580000)
 ParOldGen       total 27648K, used 2714K [0x00000000e8000000, 0x00000000e9b00000, 0x00000000f8000000)
  object space 27648K, 9% used [0x00000000e8000000,0x00000000e82a6860,0x00000000e9b00000)
 Metaspace       used 14508K, capacity 15932K, committed 16000K, reserved 1062912K
  class space    used 1479K, capacity 1876K, committed 1920K, reserved 1048576K
Event: 6.830 GC heap after
Heap after GC invocations=3 (full 0):
 PSYoungGen      total 22016K, used 1512K [0x00000000f8000000, 0x00000000fab00000, 0x0000000100000000)
  eden space 20480K, 0% used [0x00000000f8000000,0x00000000f8000000,0x00000000f9400000)
  from space 1536K, 98% used [0x00000000f9400000,0x00000000f957a080,0x00000000f9580000)
  to   space 1536K, 0% used [0x00000000fa980000,0x00000000fa980000,0x00000000fab00000)
 ParOldGen       total 27648K, used 9250K [0x00000000e8000000, 0x00000000e9b00000, 0x00000000f8000000)
  object space 27648K, 33% used [0x00000000e8000000,0x00000000e89089f0,0x00000000e9b00000)
 Metaspace       used 14508K, capacity 15932K, committed 16000K, reserved 1062912K
  class space    used 1479K, capacity 1876K, committed 1920K, reserved 1048576K
}

Deoptimization events (10 events):
Event: 4.856 Thread 0x00007fca1c00e000 Uncommon trap: reason=bimorphic action=maybe_recompile pc=0x00007fca0d22a7cc method=java.util.HashMap.getNode(ILjava/lang/Object;)Ljava/util/HashMap$Node; @ 126
Event: 4.856 Thread 0x00007fca1c00e000 Uncommon trap: reason=bimorphic action=maybe_recompile pc=0x00007fca0d22a7cc method=java.util.HashMap.getNode(ILjava/lang/Object;)Ljava/util/HashMap$Node; @ 126
Event: 4.864 Thread 0x00007fca1c00e000 Uncommon trap: reason=bimorphic action=maybe_recompile pc=0x00007fca0d22a7cc method=java.util.HashMap.getNode(ILjava/lang/Object;)Ljava/util/HashMap$Node; @ 126
Event: 4.864 Thread 0x00007fca1c00e000 Uncommon trap: reason=bimorphic action=maybe_recompile pc=0x00007fca0d22a7cc method=java.util.HashMap.getNode(ILjava/lang/Object;)Ljava/util/HashMap$Node; @ 126
Event: 4.866 Thread 0x00007fca1c00e000 Uncommon trap: reason=bimorphic action=maybe_recompile pc=0x00007fca0d211734 method=java.util.HashMap.getNode(ILjava/lang/Object;)Ljava/util/HashMap$Node; @ 126
Event: 4.874 Thread 0x00007fca1c00e000 Uncommon trap: reason=bimorphic action=maybe_recompile pc=0x00007fca0d234210 method=java.io.DataInputStream.readByte()B @ 4
Event: 4.874 Thread 0x00007fca1c00e000 Uncommon trap: reason=bimorphic action=maybe_recompile pc=0x00007fca0d234210 method=java.io.DataInputStream.readByte()B @ 4
Event: 4.874 Thread 0x00007fca1c00e000 Uncommon trap: reason=bimorphic action=maybe_recompile pc=0x00007fca0d234210 method=java.io.DataInputStream.readByte()B @ 4
Event: 4.874 Thread 0x00007fca1c00e000 Uncommon trap: reason=bimorphic action=maybe_recompile pc=0x00007fca0d234210 method=java.io.DataInputStream.readByte()B @ 4
Event: 6.733 Thread 0x00007fca1c00e000 Uncommon trap: reason=unstable_if action=reinterpret pc=0x00007fca0d31b628 method=java.util.Properties$LineReader.readLine()I @ 328

Internal exceptions (10 events):
Event: 0.153 Thread 0x00007fca1c00e000 Exception <a 'java/lang/UnsatisfiedLinkError': org.eclipse.equinox.launcher.JNIBridge._set_launcher_info(Ljava/lang/String;Ljava/lang/String;)V> (0x00000000f8131a28) thrown at [/build/openjdk-8-VTMhfL/openjdk-8-8u131-b11/src/hotspot/src/share/vm/prims/nat
Event: 3.644 Thread 0x00007fca1c00e000 Exception <a 'java/security/PrivilegedActionException'> (0x00000000f8251420) thrown at [/build/openjdk-8-VTMhfL/openjdk-8-8u131-b11/src/hotspot/src/share/vm/prims/jvm.cpp, line 1390]
Event: 3.644 Thread 0x00007fca1c00e000 Exception <a 'java/security/PrivilegedActionException'> (0x00000000f8251818) thrown at [/build/openjdk-8-VTMhfL/openjdk-8-8u131-b11/src/hotspot/src/share/vm/prims/jvm.cpp, line 1390]
Event: 3.645 Thread 0x00007fca1c00e000 Exception <a 'java/security/PrivilegedActionException'> (0x00000000f8253a88) thrown at [/build/openjdk-8-VTMhfL/openjdk-8-8u131-b11/src/hotspot/src/share/vm/prims/jvm.cpp, line 1390]
Event: 3.645 Thread 0x00007fca1c00e000 Exception <a 'java/security/PrivilegedActionException'> (0x00000000f8253e80) thrown at [/build/openjdk-8-VTMhfL/openjdk-8-8u131-b11/src/hotspot/src/share/vm/prims/jvm.cpp, line 1390]
Event: 3.645 Thread 0x00007fca1c00e000 Exception <a 'java/security/PrivilegedActionException'> (0x00000000f8254b40) thrown at [/build/openjdk-8-VTMhfL/openjdk-8-8u131-b11/src/hotspot/src/share/vm/prims/jvm.cpp, line 1390]
Event: 3.645 Thread 0x00007fca1c00e000 Exception <a 'java/security/PrivilegedActionException'> (0x00000000f8254f38) thrown at [/build/openjdk-8-VTMhfL/openjdk-8-8u131-b11/src/hotspot/src/share/vm/prims/jvm.cpp, line 1390]
Event: 4.527 Thread 0x00007fca1c451800 Exception <a 'java/io/FileNotFoundException'> (0x00000000f86a6398) thrown at [/build/openjdk-8-VTMhfL/openjdk-8-8u131-b11/src/hotspot/src/share/vm/prims/jni.cpp, line 709]
Event: 4.617 Thread 0x00007fca1c451800 Exception <a 'java/io/FileNotFoundException'> (0x00000000f87dd478) thrown at [/build/openjdk-8-VTMhfL/openjdk-8-8u131-b11/src/hotspot/src/share/vm/prims/jni.cpp, line 709]
Event: 11.489 Thread 0x00007fc9d8003000 Exception <a 'java/lang/NullPointerException'> (0x00000000f80587e0) thrown at [/build/openjdk-8-VTMhfL/openjdk-8-8u131-b11/src/hotspot/src/share/vm/interpreter/linkResolver.cpp, line 1197]

Events (10 events):
Event: 11.489 Executing VM operation: RevokeBias
Event: 11.489 Executing VM operation: RevokeBias done
Event: 11.489 Executing VM operation: RevokeBias
Event: 11.489 Executing VM operation: RevokeBias done
Event: 11.489 Executing VM operation: RevokeBias
Event: 11.489 Executing VM operation: RevokeBias done
Event: 11.489 Executing VM operation: RevokeBias
Event: 11.489 Executing VM operation: RevokeBias done
Event: 11.489 Executing VM operation: RevokeBias
Event: 11.489 Executing VM operation: RevokeBias done


Dynamic libraries:
00400000-00401000 r-xp 00000000 fc:01 20190429                           /usr/lib/jvm/java-8-openjdk-amd64/jre/bin/java
00600000-00601000 r--p 00000000 fc:01 20190429                           /usr/lib/jvm/java-8-openjdk-amd64/jre/bin/java
00601000-00602000 rw-p 00001000 fc:01 20190429                           /usr/lib/jvm/java-8-openjdk-amd64/jre/bin/java
022ea000-0232e000 rw-p 00000000 00:00 0                                  [heap]
e8000000-e9b00000 rw-p 00000000 00:00 0 
e9b00000-f8000000 ---p 00000000 00:00 0 
f8000000-fab00000 rw-p 00000000 00:00 0 
fab00000-100000000 ---p 00000000 00:00 0 
100000000-1001e0000 rw-p 00000000 00:00 0 
1001e0000-140000000 ---p 00000000 00:00 0 
7fc9c4000000-7fc9c4021000 rw-p 00000000 00:00 0 
7fc9c4021000-7fc9c8000000 ---p 00000000 00:00 0 
7fc9cc000000-7fc9cc1bc000 rw-p 00000000 00:00 0 
7fc9cc1bc000-7fc9d0000000 ---p 00000000 00:00 0 
7fc9d0000000-7fc9d0035000 rw-p 00000000 00:00 0 
7fc9d0035000-7fc9d4000000 ---p 00000000 00:00 0 
7fc9d4f24000-7fc9d4f25000 ---p 00000000 00:00 0 
7fc9d4f25000-7fc9d5725000 rw-p 00000000 00:00 0 
7fc9d5725000-7fc9d5728000 ---p 00000000 00:00 0 
7fc9d5728000-7fc9d5826000 rw-p 00000000 00:00 0 
7fc9d5826000-7fc9d5829000 ---p 00000000 00:00 0 
7fc9d5829000-7fc9d5927000 rw-p 00000000 00:00 0 
7fc9d5927000-7fc9d5928000 ---p 00000000 00:00 0 
7fc9d5928000-7fc9d6128000 rw-p 00000000 00:00 0 
7fc9d6128000-7fc9d618e000 r-xp 00000000 fc:01 19800399                   /usr/lib/x86_64-linux-gnu/libibus-1.0.so.5.0.511
7fc9d618e000-7fc9d638d000 ---p 00066000 fc:01 19800399                   /usr/lib/x86_64-linux-gnu/libibus-1.0.so.5.0.511
7fc9d638d000-7fc9d638f000 r--p 00065000 fc:01 19800399                   /usr/lib/x86_64-linux-gnu/libibus-1.0.so.5.0.511
7fc9d638f000-7fc9d6390000 rw-p 00067000 fc:01 19800399                   /usr/lib/x86_64-linux-gnu/libibus-1.0.so.5.0.511
7fc9d6390000-7fc9d6391000 rw-p 00000000 00:00 0 
7fc9d63bb000-7fc9d63c1000 r-xp 00000000 fc:01 20185812                   /usr/lib/x86_64-linux-gnu/gtk-2.0/2.10.0/immodules/im-ibus.so
7fc9d63c1000-7fc9d65c1000 ---p 00006000 fc:01 20185812                   /usr/lib/x86_64-linux-gnu/gtk-2.0/2.10.0/immodules/im-ibus.so
7fc9d65c1000-7fc9d65c2000 r--p 00006000 fc:01 20185812                   /usr/lib/x86_64-linux-gnu/gtk-2.0/2.10.0/immodules/im-ibus.so
7fc9d65c2000-7fc9d65c3000 rw-p 00007000 fc:01 20185812                   /usr/lib/x86_64-linux-gnu/gtk-2.0/2.10.0/immodules/im-ibus.so
7fc9d65c3000-7fc9d65eb000 r--s 0020c000 fc:01 22421379                   /usr/share/eclipse/plugins/org.eclipse.ui.ide_3.8.1.dist.jar
7fc9d65eb000-7fc9d65f0000 r-xp 00000000 fc:01 20186289                   /usr/lib/x86_64-linux-gnu/gdk-pixbuf-2.0/2.10.0/loaders/libpixbufloader-png.so
7fc9d65f0000-7fc9d67ef000 ---p 00005000 fc:01 20186289                   /usr/lib/x86_64-linux-gnu/gdk-pixbuf-2.0/2.10.0/loaders/libpixbufloader-png.so
7fc9d67ef000-7fc9d67f0000 r--p 00004000 fc:01 20186289                   /usr/lib/x86_64-linux-gnu/gdk-pixbuf-2.0/2.10.0/loaders/libpixbufloader-png.so
7fc9d67f0000-7fc9d67f1000 rw-p 00005000 fc:01 20186289                   /usr/lib/x86_64-linux-gnu/gdk-pixbuf-2.0/2.10.0/loaders/libpixbufloader-png.so
7fc9d67f1000-7fc9d67fe000 r-xp 00000000 fc:01 20062348                   /usr/lib/jni/libswt-cairo-gtk-3836.so
7fc9d67fe000-7fc9d69fd000 ---p 0000d000 fc:01 20062348                   /usr/lib/jni/libswt-cairo-gtk-3836.so
7fc9d69fd000-7fc9d69fe000 r--p 0000c000 fc:01 20062348                   /usr/lib/jni/libswt-cairo-gtk-3836.so
7fc9d69fe000-7fc9d69ff000 rw-p 0000d000 fc:01 20062348                   /usr/lib/jni/libswt-cairo-gtk-3836.so
7fc9d69ff000-7fc9d6a05000 r-xp 00000000 fc:01 20186283                   /usr/lib/x86_64-linux-gnu/gdk-pixbuf-2.0/2.10.0/loaders/libpixbufloader-gif.so
7fc9d6a05000-7fc9d6c04000 ---p 00006000 fc:01 20186283                   /usr/lib/x86_64-linux-gnu/gdk-pixbuf-2.0/2.10.0/loaders/libpixbufloader-gif.so
7fc9d6c04000-7fc9d6c05000 r--p 00005000 fc:01 20186283                   /usr/lib/x86_64-linux-gnu/gdk-pixbuf-2.0/2.10.0/loaders/libpixbufloader-gif.so
7fc9d6c05000-7fc9d6c06000 rw-p 00006000 fc:01 20186283                   /usr/lib/x86_64-linux-gnu/gdk-pixbuf-2.0/2.10.0/loaders/libpixbufloader-gif.so
7fc9d6c06000-7fc9d6c5a000 r--p 00000000 fc:01 20972524                   /usr/share/fonts/truetype/dejavu/DejaVuSansMono.ttf
7fc9d6c5a000-7fc9d6cb1000 r--p 00000000 fc:01 20972656                   /usr/share/fonts/truetype/ubuntu-font-family/Ubuntu-R.ttf
7fc9d6cb1000-7fc9d6cb8000 r--s 00000000 fc:01 15603335                   /var/cache/fontconfig/4be9850f182b35c1350b6bbf2e42601c-le64.cache-6
7fc9d6cb8000-7fc9d6cba000 r--s 00000000 fc:01 15603879                   /var/cache/fontconfig/30a99c4256905863f7aa12b5e873c27c-le64.cache-6
7fc9d6cba000-7fc9d6cbb000 r--s 00000000 fc:01 15599528                   /var/cache/fontconfig/087e1975ba9a574b140bb1df193bf770-le64.cache-6
7fc9d6cbb000-7fc9d6cbf000 r--s 00000000 fc:01 15603875                   /var/cache/fontconfig/6aa41aa22e18b8fa06a12da28ea9c28b-le64.cache-6
7fc9d6cbf000-7fc9d6cca000 r--s 00000000 fc:01 15599525                   /var/cache/fontconfig/945677eb7aeaf62f1d50efc3fb3ec7d8-le64.cache-6
7fc9d6cca000-7fc9d6cd3000 r--s 00000000 fc:01 15603866                   /var/cache/fontconfig/a6d8cf8e4ec09cdbc8633c31745a07dd-le64.cache-6
7fc9d6cd3000-7fc9d6cd9000 r--s 00000000 fc:01 15603865                   /var/cache/fontconfig/2cd17615ca594fa2959ae173292e504c-le64.cache-6
7fc9d6cd9000-7fc9d6cee000 r--s 00000000 fc:01 15603862                   /var/cache/fontconfig/04aabc0a78ac019cf9454389977116d2-le64.cache-6
7fc9d6cee000-7fc9d6cf3000 r-xp 00000000 fc:01 19799769                   /usr/lib/x86_64-linux-gnu/libXtst.so.6.1.0
7fc9d6cf3000-7fc9d6ef2000 ---p 00005000 fc:01 19799769                   /usr/lib/x86_64-linux-gnu/libXtst.so.6.1.0
7fc9d6ef2000-7fc9d6ef3000 r--p 00004000 fc:01 19799769                   /usr/lib/x86_64-linux-gnu/libXtst.so.6.1.0
7fc9d6ef3000-7fc9d6ef4000 rw-p 00005000 fc:01 19799769                   /usr/lib/x86_64-linux-gnu/libXtst.so.6.1.0
7fc9d6ef4000-7fc9d6f6c000 r-xp 00000000 fc:01 20062346                   /usr/lib/jni/libswt-pi-gtk-3836.so
7fc9d6f6c000-7fc9d716c000 ---p 00078000 fc:01 20062346                   /usr/lib/jni/libswt-pi-gtk-3836.so
7fc9d716c000-7fc9d716d000 r--p 00078000 fc:01 20062346                   /usr/lib/jni/libswt-pi-gtk-3836.so
7fc9d716d000-7fc9d716f000 rw-p 00079000 fc:01 20062346                   /usr/lib/jni/libswt-pi-gtk-3836.so
7fc9d716f000-7fc9d7171000 rw-p 00000000 00:00 0 
7fc9d7171000-7fc9d71f0000 r-xp 00000000 fc:01 20062347                   /usr/lib/jni/libswt-gtk-3836.so
7fc9d71f0000-7fc9d73ef000 ---p 0007f000 fc:01 20062347                   /usr/lib/jni/libswt-gtk-3836.so
7fc9d73ef000-7fc9d73f0000 r--p 0007e000 fc:01 20062347                   /usr/lib/jni/libswt-gtk-3836.so
7fc9d73f0000-7fc9d73f7000 rw-p 0007f000 fc:01 20062347                   /usr/lib/jni/libswt-gtk-3836.so
7fc9d73f7000-7fc9d75fa000 rw-p 00000000 00:00 0 
7fc9d75fa000-7fc9d75fd000 ---p 00000000 00:00 0 
7fc9d75fd000-7fc9d78fb000 rw-p 00000000 00:00 0 
7fc9d78fb000-7fc9d78fe000 ---p 00000000 00:00 0 
7fc9d78fe000-7fc9d7bfc000 rw-p 00000000 00:00 0 
7fc9d7bfc000-7fc9d7bff000 ---p 00000000 00:00 0 
7fc9d7bff000-7fc9d7cfd000 rw-p 00000000 00:00 0 
7fc9d7cfd000-7fc9d7d00000 ---p 00000000 00:00 0 
7fc9d7d00000-7fc9d7dfe000 rw-p 00000000 00:00 0 
7fc9d7dfe000-7fc9d7e01000 ---p 00000000 00:00 0 
7fc9d7e01000-7fc9d7eff000 rw-p 00000000 00:00 0 
7fc9d7eff000-7fc9d7f02000 ---p 00000000 00:00 0 
7fc9d7f02000-7fc9d8000000 rw-p 00000000 00:00 0 
7fc9d8000000-7fc9d8021000 rw-p 00000000 00:00 0 
7fc9d8021000-7fc9dc000000 ---p 00000000 00:00 0 
7fc9dc000000-7fc9dc002000 r--s 00000000 fc:01 15600629                   /var/cache/fontconfig/99e8ed0e538f840c565b6ed5dad60d56-le64.cache-6
7fc9dc002000-7fc9dc003000 r--s 00000000 fc:01 15603863                   /var/cache/fontconfig/0d8c3b2ac0904cb8a57a757ad11a4a08-le64.cache-6
7fc9dc003000-7fc9dc004000 r--s 00000000 fc:01 15603859                   /var/cache/fontconfig/1ac9eb803944fde146138c791f5cc56a-le64.cache-6
7fc9dc004000-7fc9dc005000 r--s 00000000 fc:01 15603844                   /var/cache/fontconfig/b95bc8ffbebda2bbdae4265e45b8178d-le64.cache-6
7fc9dc005000-7fc9dc009000 r--s 00000000 fc:01 15603843                   /var/cache/fontconfig/385c0604a188198f04d133e54aba7fe7-le64.cache-6
7fc9dc009000-7fc9dc00a000 r--s 00000000 fc:01 15603841                   /var/cache/fontconfig/9c956a7723ca69a44b382d9179c9802f-le64.cache-6
7fc9dc00a000-7fc9dc00b000 r--s 00000000 fc:01 15603840                   /var/cache/fontconfig/dc05db6664285cc2f12bf69c139ae4c3-le64.cache-6
7fc9dc00b000-7fc9dc00c000 r--s 00000000 fc:01 15603836                   /var/cache/fontconfig/5d1cca7074f29429a8d18692746c2426-le64.cache-6
7fc9dc00c000-7fc9dc00f000 r--s 00000000 fc:01 15603835                   /var/cache/fontconfig/767a8244fc0220cfb567a839d0392e0b-le64.cache-6
7fc9dc00f000-7fc9dc010000 r--s 00000000 fc:01 15603818                   /var/cache/fontconfig/4794a0821666d79190d59a36cb4f44b5-le64.cache-6
7fc9dc010000-7fc9dc011000 r--s 00000000 fc:01 15603817                   /var/cache/fontconfig/9eae20f1ff8cc0a7d125749e875856bd-le64.cache-6
7fc9dc011000-7fc9dc014000 r--s 00000000 fc:01 15603806                   /var/cache/fontconfig/bf2c1853a9e9b00bb02fe2e9bcf1e201-le64.cache-6
7fc9dc014000-7fc9dc019000 r--s 00000000 fc:01 15603805                   /var/cache/fontconfig/8801497958630a81b71ace7c5f9b32a8-le64.cache-6
7fc9dc019000-7fc9dc054000 r--s 00000000 fc:01 15597888                   /var/cache/fontconfig/365b55f210c0a22e9a19e35191240f32-le64.cache-6
7fc9dc054000-7fc9dc055000 r--s 00000000 fc:01 15603802                   /var/cache/fontconfig/bab58bb527bb656aaa9f116d68a48d89-le64.cache-6
7fc9dc055000-7fc9dc05c000 r--s 00000000 fc:01 15603795                   /var/cache/fontconfig/3047814df9a2f067bd2d96a2b9c36e5a-le64.cache-6
7fc9dc05c000-7fc9dc064000 r--s 00000000 fc:01 15603792                   /var/cache/fontconfig/bf3b770c553c462765856025a94f1ce6-le64.cache-6
7fc9dc064000-7fc9dc065000 r--s 00000000 fc:01 15603791                   /var/cache/fontconfig/56cf4f4769d0f4abc89a4895d7bd3ae1-le64.cache-6
7fc9dc065000-7fc9dc066000 r--s 00000000 fc:01 15603790                   /var/cache/fontconfig/b9d506c9ac06c20b433354fa67a72993-le64.cache-6
7fc9dc066000-7fc9dc06c000 r--s 00000000 fc:01 15603788                   /var/cache/fontconfig/b47c4e1ecd0709278f4910c18777a504-le64.cache-6
7fc9dc06c000-7fc9dc06f000 r--s 00000000 fc:01 15603787                   /var/cache/fontconfig/14d493b97896515cad3840ba4896e372-le64.cache-6
7fc9dc06f000-7fc9dc077000 r--s 00000000 fc:01 15603768                   /var/cache/fontconfig/52f7bdb7ce746bfd7eaa1985bd9cfa93-le64.cache-6
7fc9dc077000-7fc9dc07a000 r--s 00000000 fc:01 15603767                   /var/cache/fontconfig/e49e89034d371f0f9de17aab02136486-le64.cache-6
7fc9dc07a000-7fc9dc07c000 r--s 00000000 fc:01 15603766                   /var/cache/fontconfig/4b14b093aebc79c320de5e86ae1d3314-le64.cache-6
7fc9dc07c000-7fc9dc07d000 r--s 00000000 fc:01 15603751                   /var/cache/fontconfig/8aec10f4cc8391dcef22ca549f1e4354-le64.cache-6
7fc9dc07d000-7fc9dc090000 r--s 00000000 fc:01 15603725                   /var/cache/fontconfig/d52a8644073d54c13679302ca1180695-le64.cache-6
7fc9dc090000-7fc9dc091000 r--s 00000000 fc:01 15603724                   /var/cache/fontconfig/551ecf3b0e8b0bca0f25c0944f561853-le64.cache-6
7fc9dc091000-7fc9dc092000 r--s 00000000 fc:01 15603723                   /var/cache/fontconfig/8a687c406b77f27d99abfeeba937fcce-le64.cache-6
7fc9dc092000-7fc9dc097000 r--s 00000000 fc:01 15603705                   /var/cache/fontconfig/75ad6aa2358a85f0de2c8ee4837e8227-le64.cache-6
7fc9dc097000-7fc9dc09f000 r--s 00000000 fc:01 15603704                   /var/cache/fontconfig/3f7329c5293ffd510edef78f73874cfd-le64.cache-6
7fc9dc09f000-7fc9dc0a0000 r--s 00000000 fc:01 15603687                   /var/cache/fontconfig/ac2cf712d852da827a87a9baf682f5b9-le64.cache-6
7fc9dc0a0000-7fc9dc0a2000 r--s 00000000 fc:01 15603685                   /var/cache/fontconfig/65f976e5259cbe6dc7697b8648396239-le64.cache-6
7fc9dc0a2000-7fc9dc0ad000 r--s 00000000 fc:01 15603674                   /var/cache/fontconfig/d589a48862398ed80a3d6066f4f56f4c-le64.cache-6
7fc9dc0ad000-7fc9dc0b1000 r--s 00000000 fc:01 15603673                   /var/cache/fontconfig/246184dc75a16901ca37d96895904249-le64.cache-6
7fc9dc0b1000-7fc9dc0b2000 r--s 00000000 fc:01 15603661                   /var/cache/fontconfig/94f7fe9bd33aadfac165873bd010d595-le64.cache-6
7fc9dc0b2000-7fc9dc0b4000 r--s 00000000 fc:01 15603660                   /var/cache/fontconfig/423767150eb258c59035de29db6fca84-le64.cache-6
7fc9dc0b4000-7fc9dc0b5000 r--s 00000000 fc:01 15603657                   /var/cache/fontconfig/845c20fd2c4814bcec78e05d37a63ccc-le64.cache-6
7fc9dc0b5000-7fc9dc0b6000 r--s 00000000 fc:01 15603656                   /var/cache/fontconfig/e7de81b01590fb7e12b38e274e17d0db-le64.cache-6
7fc9dc0b6000-7fc9dc0b7000 r--s 00000000 fc:01 15603655                   /var/cache/fontconfig/406a1d2d2bf3ed7664fbadefac0b2f66-le64.cache-6
7fc9dc0b7000-7fc9dc0b9000 r--s 00000000 fc:01 15603580                   /var/cache/fontconfig/67709b7835c0f764c1135060c9575660-le64.cache-6
7fc9dc0b9000-7fc9dc0ba000 r--s 00000000 fc:01 15603579                   /var/cache/fontconfig/30829fa25452a46451e813d634d7f916-le64.cache-6
7fc9dc0ba000-7fc9dc0c8000 r--s 00000000 fc:01 15603481                   /var/cache/fontconfig/198d8fcf01c96d0cf813f74fd759bdb7-le64.cache-6
7fc9dc0c8000-7fc9dc0cb000 r--s 00000000 fc:01 15603478                   /var/cache/fontconfig/75114ca45c98e8a441da0ff356701271-le64.cache-6
7fc9dc0cb000-7fc9dc0dd000 r--s 00000000 fc:01 15603476                   /var/cache/fontconfig/9b89f8e3dae116d678bbf48e5f21f69b-le64.cache-6
7fc9dc0dd000-7fc9dc0e0000 ---p 00000000 00:00 0 
7fc9dc0e0000-7fc9dc1de000 rw-p 00000000 00:00 0 
7fc9dc1de000-7fc9dc1ef000 r-xp 00000000 fc:01 20062396                   /usr/lib/jvm/java-8-openjdk-amd64/jre/lib/amd64/libnio.so
7fc9dc1ef000-7fc9dc3ef000 ---p 00011000 fc:01 20062396                   /usr/lib/jvm/java-8-openjdk-amd64/jre/lib/amd64/libnio.so
7fc9dc3ef000-7fc9dc3f0000 r--p 00011000 fc:01 20062396                   /usr/lib/jvm/java-8-openjdk-amd64/jre/lib/amd64/libnio.so
7fc9dc3f0000-7fc9dc3f1000 rw-p 00012000 fc:01 20062396                   /usr/lib/jvm/java-8-openjdk-amd64/jre/lib/amd64/libnio.so
7fc9dc3f1000-7fc9dc6f2000 rw-p 00000000 00:00 0 
7fc9dc6f2000-7fc9dc709000 r-xp 00000000 fc:01 20062384                   /usr/lib/jvm/java-8-openjdk-amd64/jre/lib/amd64/libnet.so
7fc9dc709000-7fc9dc908000 ---p 00017000 fc:01 20062384                   /usr/lib/jvm/java-8-openjdk-amd64/jre/lib/amd64/libnet.so
7fc9dc908000-7fc9dc909000 r--p 00016000 fc:01 20062384                   /usr/lib/jvm/java-8-openjdk-amd64/jre/lib/amd64/libnet.so
7fc9dc909000-7fc9dc90a000 rw-p 00017000 fc:01 20062384                   /usr/lib/jvm/java-8-openjdk-amd64/jre/lib/amd64/libnet.so
7fc9dc90a000-7fc9dc90d000 r-xp 00000000 fc:01 20186292                   /usr/lib/x86_64-linux-gnu/gdk-pixbuf-2.0/2.10.0/loaders/libpixbufloader-bmp.so
7fc9dc90d000-7fc9dcb0d000 ---p 00003000 fc:01 20186292                   /usr/lib/x86_64-linux-gnu/gdk-pixbuf-2.0/2.10.0/loaders/libpixbufloader-bmp.so
7fc9dcb0d000-7fc9dcb0e000 r--p 00003000 fc:01 20186292                   /usr/lib/x86_64-linux-gnu/gdk-pixbuf-2.0/2.10.0/loaders/libpixbufloader-bmp.so
7fc9dcb0e000-7fc9dcb0f000 rw-p 00004000 fc:01 20186292                   /usr/lib/x86_64-linux-gnu/gdk-pixbuf-2.0/2.10.0/loaders/libpixbufloader-bmp.so
7fc9dcb0f000-7fc9dcb16000 r-xp 00000000 fc:01 19800636                   /usr/lib/x86_64-linux-gnu/libogg.so.0.8.2
7fc9dcb16000-7fc9dcd16000 ---p 00007000 fc:01 19800636                   /usr/lib/x86_64-linux-gnu/libogg.so.0.8.2
7fc9dcd16000-7fc9dcd17000 r--p 00007000 fc:01 19800636                   /usr/lib/x86_64-linux-gnu/libogg.so.0.8.2
7fc9dcd17000-7fc9dcd18000 rw-p 00008000 fc:01 19800636                   /usr/lib/x86_64-linux-gnu/libogg.so.0.8.2
7fc9dcd18000-7fc9dcd42000 r-xp 00000000 fc:01 19800985                   /usr/lib/x86_64-linux-gnu/libvorbis.so.0.4.8
7fc9dcd42000-7fc9dcf42000 ---p 0002a000 fc:01 19800985                   /usr/lib/x86_64-linux-gnu/libvorbis.so.0.4.8
7fc9dcf42000-7fc9dcf43000 r--p 0002a000 fc:01 19800985                   /usr/lib/x86_64-linux-gnu/libvorbis.so.0.4.8
7fc9dcf43000-7fc9dcf44000 rw-p 0002b000 fc:01 19800985                   /usr/lib/x86_64-linux-gnu/libvorbis.so.0.4.8
7fc9dcf44000-7fc9dcf4d000 r-xp 00000000 fc:01 19800503                   /usr/lib/x86_64-linux-gnu/libltdl.so.7.3.1
7fc9dcf4d000-7fc9dd14c000 ---p 00009000 fc:01 19800503                   /usr/lib/x86_64-linux-gnu/libltdl.so.7.3.1
7fc9dd14c000-7fc9dd14d000 r--p 00008000 fc:01 19800503                   /usr/lib/x86_64-linux-gnu/libltdl.so.7.3.1
7fc9dd14d000-7fc9dd14e000 rw-p 00009000 fc:01 19800503                   /usr/lib/x86_64-linux-gnu/libltdl.so.7.3.1
7fc9dd14e000-7fc9dd162000 r-xp 00000000 fc:01 19800878                   /usr/lib/x86_64-linux-gnu/libtdb.so.1.3.8
7fc9dd162000-7fc9dd361000 ---p 00014000 fc:01 19800878                   /usr/lib/x86_64-linux-gnu/libtdb.so.1.3.8
7fc9dd361000-7fc9dd362000 r--p 00013000 fc:01 19800878                   /usr/lib/x86_64-linux-gnu/libtdb.so.1.3.8
7fc9dd362000-7fc9dd363000 rw-p 00014000 fc:01 19800878                   /usr/lib/x86_64-linux-gnu/libtdb.so.1.3.8
7fc9dd363000-7fc9dd36a000 r-xp 00000000 fc:01 19800989                   /usr/lib/x86_64-linux-gnu/libvorbisfile.so.3.3.7
7fc9dd36a000-7fc9dd56a000 ---p 00007000 fc:01 19800989                   /usr/lib/x86_64-linux-gnu/libvorbisfile.so.3.3.7
7fc9dd56a000-7fc9dd56b000 r--p 00007000 fc:01 19800989                   /usr/lib/x86_64-linux-gnu/libvorbisfile.so.3.3.7
7fc9dd56b000-7fc9dd56c000 rw-p 00008000 fc:01 19800989                   /usr/lib/x86_64-linux-gnu/libvorbisfile.so.3.3.7
7fc9dd56c000-7fc9dd57c000 r-xp 00000000 fc:01 19799900                   /usr/lib/x86_64-linux-gnu/libcanberra.so.0.2.5
7fc9dd57c000-7fc9dd77b000 ---p 00010000 fc:01 19799900                   /usr/lib/x86_64-linux-gnu/libcanberra.so.0.2.5
7fc9dd77b000-7fc9dd77c000 r--p 0000f000 fc:01 19799900                   /usr/lib/x86_64-linux-gnu/libcanberra.so.0.2.5
7fc9dd77c000-7fc9dd77d000 rw-p 00010000 fc:01 19799900                   /usr/lib/x86_64-linux-gnu/libcanberra.so.0.2.5
7fc9dd77d000-7fc9dd781000 r-xp 00000000 fc:01 19799896                   /usr/lib/x86_64-linux-gnu/libcanberra-gtk.so.0.1.9
7fc9dd781000-7fc9dd980000 ---p 00004000 fc:01 19799896                   /usr/lib/x86_64-linux-gnu/libcanberra-gtk.so.0.1.9
7fc9dd980000-7fc9dd981000 r--p 00003000 fc:01 19799896                   /usr/lib/x86_64-linux-gnu/libcanberra-gtk.so.0.1.9
7fc9dd981000-7fc9dd982000 rw-p 00004000 fc:01 19799896                   /usr/lib/x86_64-linux-gnu/libcanberra-gtk.so.0.1.9
7fc9dd982000-7fc9dd987000 r-xp 00000000 fc:01 20185826                   /usr/lib/x86_64-linux-gnu/gtk-2.0/modules/libcanberra-gtk-module.so
7fc9dd987000-7fc9ddb86000 ---p 00005000 fc:01 20185826                   /usr/lib/x86_64-linux-gnu/gtk-2.0/modules/libcanberra-gtk-module.so
7fc9ddb86000-7fc9ddb87000 r--p 00004000 fc:01 20185826                   /usr/lib/x86_64-linux-gnu/gtk-2.0/modules/libcanberra-gtk-module.so
7fc9ddb87000-7fc9ddb88000 rw-p 00005000 fc:01 20185826                   /usr/lib/x86_64-linux-gnu/gtk-2.0/modules/libcanberra-gtk-module.so
7fc9ddb88000-7fc9ddbb8000 r-xp 00000000 fc:01 20185106                   /usr/lib/x86_64-linux-gnu/gtk-2.0/2.10.0/engines/libmurrine.so
7fc9ddbb8000-7fc9dddb8000 ---p 00030000 fc:01 20185106                   /usr/lib/x86_64-linux-gnu/gtk-2.0/2.10.0/engines/libmurrine.so
7fc9dddb8000-7fc9dddb9000 r--p 00030000 fc:01 20185106                   /usr/lib/x86_64-linux-gnu/gtk-2.0/2.10.0/engines/libmurrine.so
7fc9dddb9000-7fc9dddba000 rw-p 00031000 fc:01 20185106                   /usr/lib/x86_64-linux-gnu/gtk-2.0/2.10.0/engines/libmurrine.so
7fc9dddba000-7fc9ddddc000 r-xp 00000000 fc:01 19799834                   /usr/lib/x86_64-linux-gnu/libatk-1.0.so.0.21809.1
7fc9ddddc000-7fc9ddfdb000 ---p 00022000 fc:01 19799834                   /usr/lib/x86_64-linux-gnu/libatk-1.0.so.0.21809.1
7fc9ddfdb000-7fc9ddfde000 r--p 00021000 fc:01 19799834                   /usr/lib/x86_64-linux-gnu/libatk-1.0.so.0.21809.1
7fc9ddfde000-7fc9ddfdf000 rw-p 00024000 fc:01 19799834                   /usr/lib/x86_64-linux-gnu/libatk-1.0.so.0.21809.1
7fc9ddfdf000-7fc9de41d000 r-xp 00000000 fc:01 19800344                   /usr/lib/x86_64-linux-gnu/libgtk-x11-2.0.so.0.2400.30
7fc9de41d000-7fc9de61c000 ---p 0043e000 fc:01 19800344                   /usr/lib/x86_64-linux-gnu/libgtk-x11-2.0.so.0.2400.30
7fc9de61c000-7fc9de623000 r--p 0043d000 fc:01 19800344                   /usr/lib/x86_64-linux-gnu/libgtk-x11-2.0.so.0.2400.30
7fc9de623000-7fc9de627000 rw-p 00444000 fc:01 19800344                   /usr/lib/x86_64-linux-gnu/libgtk-x11-2.0.so.0.2400.30
7fc9de627000-7fc9de62a000 rw-p 00000000 00:00 0 
7fc9de62a000-7fc9de64d000 r-xp 00000000 fc:01 19800287                   /usr/lib/x86_64-linux-gnu/libgraphite2.so.3.0.1
7fc9de64d000-7fc9de84c000 ---p 00023000 fc:01 19800287                   /usr/lib/x86_64-linux-gnu/libgraphite2.so.3.0.1
7fc9de84c000-7fc9de84e000 r--p 00022000 fc:01 19800287                   /usr/lib/x86_64-linux-gnu/libgraphite2.so.3.0.1
7fc9de84e000-7fc9de84f000 rw-p 00024000 fc:01 19800287                   /usr/lib/x86_64-linux-gnu/libgraphite2.so.3.0.1
7fc9de84f000-7fc9de854000 r-xp 00000000 fc:01 19799741                   /usr/lib/x86_64-linux-gnu/libXdmcp.so.6.0.0
7fc9de854000-7fc9dea53000 ---p 00005000 fc:01 19799741                   /usr/lib/x86_64-linux-gnu/libXdmcp.so.6.0.0
7fc9dea53000-7fc9dea54000 r--p 00004000 fc:01 19799741                   /usr/lib/x86_64-linux-gnu/libXdmcp.so.6.0.0
7fc9dea54000-7fc9dea55000 rw-p 00005000 fc:01 19799741                   /usr/lib/x86_64-linux-gnu/libXdmcp.so.6.0.0
7fc9dea55000-7fc9dea57000 r-xp 00000000 fc:01 19799730                   /usr/lib/x86_64-linux-gnu/libXau.so.6.0.0
7fc9dea57000-7fc9dec57000 ---p 00002000 fc:01 19799730                   /usr/lib/x86_64-linux-gnu/libXau.so.6.0.0
7fc9dec57000-7fc9dec58000 r--p 00002000 fc:01 19799730                   /usr/lib/x86_64-linux-gnu/libXau.so.6.0.0
7fc9dec58000-7fc9dec59000 rw-p 00003000 fc:01 19799730                   /usr/lib/x86_64-linux-gnu/libXau.so.6.0.0
7fc9dec59000-7fc9dec5f000 r-xp 00000000 fc:01 19799983                   /usr/lib/x86_64-linux-gnu/libdatrie.so.1.3.3
7fc9dec5f000-7fc9dee5f000 ---p 00006000 fc:01 19799983                   /usr/lib/x86_64-linux-gnu/libdatrie.so.1.3.3
7fc9dee5f000-7fc9dee60000 r--p 00006000 fc:01 19799983                   /usr/lib/x86_64-linux-gnu/libdatrie.so.1.3.3
7fc9dee60000-7fc9dee61000 rw-p 00007000 fc:01 19799983                   /usr/lib/x86_64-linux-gnu/libdatrie.so.1.3.3
7fc9dee61000-7fc9deebd000 r-xp 00000000 fc:01 19794427                   /usr/lib/x86_64-linux-gnu/libharfbuzz.so.0.10000.1
7fc9deebd000-7fc9df0bd000 ---p 0005c000 fc:01 19794427                   /usr/lib/x86_64-linux-gnu/libharfbuzz.so.0.10000.1
7fc9df0bd000-7fc9df0be000 r--p 0005c000 fc:01 19794427                   /usr/lib/x86_64-linux-gnu/libharfbuzz.so.0.10000.1
7fc9df0be000-7fc9df0bf000 rw-p 0005d000 fc:01 19794427                   /usr/lib/x86_64-linux-gnu/libharfbuzz.so.0.10000.1
7fc9df0bf000-7fc9df0e0000 r-xp 00000000 fc:01 19801108                   /usr/lib/x86_64-linux-gnu/libxcb.so.1.1.0
7fc9df0e0000-7fc9df2df000 ---p 00021000 fc:01 19801108                   /usr/lib/x86_64-linux-gnu/libxcb.so.1.1.0
7fc9df2df000-7fc9df2e0000 r--p 00020000 fc:01 19801108                   /usr/lib/x86_64-linux-gnu/libxcb.so.1.1.0
7fc9df2e0000-7fc9df2e1000 rw-p 00021000 fc:01 19801108                   /usr/lib/x86_64-linux-gnu/libxcb.so.1.1.0
7fc9df2e1000-7fc9df2e9000 r-xp 00000000 fc:01 19801094                   /usr/lib/x86_64-linux-gnu/libxcb-render.so.0.0.0
7fc9df2e9000-7fc9df4e9000 ---p 00008000 fc:01 19801094                   /usr/lib/x86_64-linux-gnu/libxcb-render.so.0.0.0
7fc9df4e9000-7fc9df4ea000 r--p 00008000 fc:01 19801094                   /usr/lib/x86_64-linux-gnu/libxcb-render.so.0.0.0
7fc9df4ea000-7fc9df4eb000 rw-p 00009000 fc:01 19801094                   /usr/lib/x86_64-linux-gnu/libxcb-render.so.0.0.0
7fc9df4eb000-7fc9df4ed000 r-xp 00000000 fc:01 19801098                   /usr/lib/x86_64-linux-gnu/libxcb-shm.so.0.0.0
7fc9df4ed000-7fc9df6ed000 ---p 00002000 fc:01 19801098                   /usr/lib/x86_64-linux-gnu/libxcb-shm.so.0.0.0
7fc9df6ed000-7fc9df6ee000 r--p 00002000 fc:01 19801098                   /usr/lib/x86_64-linux-gnu/libxcb-shm.so.0.0.0
7fc9df6ee000-7fc9df6ef000 rw-p 00003000 fc:01 19801098                   /usr/lib/x86_64-linux-gnu/libxcb-shm.so.0.0.0
7fc9df6ef000-7fc9df713000 r-xp 00000000 fc:01 25432561                   /lib/x86_64-linux-gnu/libpng12.so.0.54.0
7fc9df713000-7fc9df912000 ---p 00024000 fc:01 25432561                   /lib/x86_64-linux-gnu/libpng12.so.0.54.0
7fc9df912000-7fc9df913000 r--p 00023000 fc:01 25432561                   /lib/x86_64-linux-gnu/libpng12.so.0.54.0
7fc9df913000-7fc9df914000 rw-p 00024000 fc:01 25432561                   /lib/x86_64-linux-gnu/libpng12.so.0.54.0
7fc9df914000-7fc9df9b3000 r-xp 00000000 fc:01 19800691                   /usr/lib/x86_64-linux-gnu/libpixman-1.so.0.33.6
7fc9df9b3000-7fc9dfbb3000 ---p 0009f000 fc:01 19800691                   /usr/lib/x86_64-linux-gnu/libpixman-1.so.0.33.6
7fc9dfbb3000-7fc9dfbbb000 r--p 0009f000 fc:01 19800691                   /usr/lib/x86_64-linux-gnu/libpixman-1.so.0.33.6
7fc9dfbbb000-7fc9dfbbc000 rw-p 000a7000 fc:01 19800691                   /usr/lib/x86_64-linux-gnu/libpixman-1.so.0.33.6
7fc9dfbbc000-7fc9dfbe2000 r-xp 00000000 fc:01 25432321                   /lib/x86_64-linux-gnu/libexpat.so.1.6.0
7fc9dfbe2000-7fc9dfde2000 ---p 00026000 fc:01 25432321                   /lib/x86_64-linux-gnu/libexpat.so.1.6.0
7fc9dfde2000-7fc9dfde4000 r--p 00026000 fc:01 25432321                   /lib/x86_64-linux-gnu/libexpat.so.1.6.0
7fc9dfde4000-7fc9dfde5000 rw-p 00028000 fc:01 25432321                   /lib/x86_64-linux-gnu/libexpat.so.1.6.0
7fc9dfde5000-7fc9dfdfc000 r-xp 00000000 fc:01 25432817                   /lib/x86_64-linux-gnu/libresolv-2.23.so
7fc9dfdfc000-7fc9dfffc000 ---p 00017000 fc:01 25432817                   /lib/x86_64-linux-gnu/libresolv-2.23.so
7fc9dfffc000-7fc9dfffd000 r--p 00017000 fc:01 25432817                   /lib/x86_64-linux-gnu/libresolv-2.23.so
7fc9dfffd000-7fc9dfffe000 rw-p 00018000 fc:01 25432817                   /lib/x86_64-linux-gnu/libresolv-2.23.so
7fc9dfffe000-7fc9e0000000 rw-p 00000000 00:00 0 
7fc9e0000000-7fc9e0021000 rw-p 00000000 00:00 0 
7fc9e0021000-7fc9e4000000 ---p 00000000 00:00 0 
7fc9e4000000-7fc9e4001000 r--s 00000000 fc:01 15603480                   /var/cache/fontconfig/0c9eb80ebd1c36541ebe2852d3bb0c49-le64.cache-6
7fc9e4001000-7fc9e400c000 r--s 00000000 fc:01 15603477                   /var/cache/fontconfig/83bf95040141907cd45bb53cf7c1c148-le64.cache-6
7fc9e400c000-7fc9e400e000 r--s 00000000 fc:01 15603475                   /var/cache/fontconfig/6e6b34ae150a7ad95e82fb4a522f0bda-le64.cache-6
7fc9e400e000-7fc9e4015000 r--s 00000000 fc:01 15603468                   /var/cache/fontconfig/53d14c92082a93e67d5078324eb314ca-le64.cache-6
7fc9e4015000-7fc9e4019000 r--s 00000000 fc:01 15603467                   /var/cache/fontconfig/6c08beecf0dac481ec92e759e0c2e6d7-le64.cache-6
7fc9e4019000-7fc9e401d000 r--s 00000000 fc:01 15603466                   /var/cache/fontconfig/4d6aee6d44eccb37054d3216e945f618-le64.cache-6
7fc9e401d000-7fc9e4021000 r--s 00000000 fc:01 15603465                   /var/cache/fontconfig/d6c6df98c3df5faf9bd0f8ef4d91efe5-le64.cache-6
7fc9e4021000-7fc9e4025000 r--s 00000000 fc:01 15603458                   /var/cache/fontconfig/9fb319ef52839f11ee26ab8b4cffa12b-le64.cache-6
7fc9e4025000-7fc9e4027000 r--s 00000000 fc:01 15603457                   /var/cache/fontconfig/43bfe21a9e1edebcf703d79ee2950b06-le64.cache-6
7fc9e4027000-7fc9e403a000 r--s 00000000 fc:01 15603456                   /var/cache/fontconfig/4ac51e5cfbc76fc3f983e470323a16d3-le64.cache-6
7fc9e403a000-7fc9e403d000 r--s 00000000 fc:01 15603455                   /var/cache/fontconfig/c19b55eb3b4c5b40ea175e31682068a5-le64.cache-6
7fc9e403d000-7fc9e4041000 r--s 00000000 fc:01 15603424                   /var/cache/fontconfig/3629f2adf904f9a612908891fae71ceb-le64.cache-6
7fc9e4041000-7fc9e4044000 r--s 00000000 fc:01 15599515                   /var/cache/fontconfig/de83a0a961185c8bd1f159015d56c039-le64.cache-6
7fc9e4044000-7fc9e405a000 r--s 00000000 fc:01 15603353                   /var/cache/fontconfig/e13b20fdb08344e0e664864cc2ede53d-le64.cache-6
7fc9e405a000-7fc9e405f000 r--s 00000000 fc:01 15597698                   /var/cache/fontconfig/7ef2298fde41cc6eeb7af42e48b7d293-le64.cache-6
7fc9e405f000-7fc9e406c000 r--s 00000000 fc:01 15603888                   /var/cache/fontconfig/8f02d4cb045bd6ce15663e43f347c9f8-le64.cache-6
7fc9e406c000-7fc9e408d000 r--s 00000000 fc:01 15601094                   /var/cache/fontconfig/467c019e582ee353435ea5c21d137ef6-le64.cache-6
7fc9e408d000-7fc9e4090000 ---p 00000000 00:00 0 
7fc9e4090000-7fc9e418e000 rw-p 00000000 00:00 0 
7fc9e418e000-7fc9e41ad000 r-xp 00000000 fc:01 25432578                   /lib/x86_64-linux-gnu/libselinux.so.1
7fc9e41ad000-7fc9e43ac000 ---p 0001f000 fc:01 25432578                   /lib/x86_64-linux-gnu/libselinux.so.1
7fc9e43ac000-7fc9e43ad000 r--p 0001e000 fc:01 25432578                   /lib/x86_64-linux-gnu/libselinux.so.1
7fc9e43ad000-7fc9e43ae000 rw-p 0001f000 fc:01 25432578                   /lib/x86_64-linux-gnu/libselinux.so.1
7fc9e43ae000-7fc9e43b0000 rw-p 00000000 00:00 0 
7fc9e43b0000-7fc9e43b3000 r-xp 00000000 fc:01 19792266                   /usr/lib/x86_64-linux-gnu/libgmodule-2.0.so.0.4800.2
7fc9e43b3000-7fc9e45b2000 ---p 00003000 fc:01 19792266                   /usr/lib/x86_64-linux-gnu/libgmodule-2.0.so.0.4800.2
7fc9e45b2000-7fc9e45b3000 r--p 00002000 fc:01 19792266                   /usr/lib/x86_64-linux-gnu/libgmodule-2.0.so.0.4800.2
7fc9e45b3000-7fc9e45b4000 rw-p 00003000 fc:01 19792266                   /usr/lib/x86_64-linux-gnu/libgmodule-2.0.so.0.4800.2
7fc9e45b4000-7fc9e45bc000 r-xp 00000000 fc:01 19800886                   /usr/lib/x86_64-linux-gnu/libthai.so.0.2.4
7fc9e45bc000-7fc9e47bb000 ---p 00008000 fc:01 19800886                   /usr/lib/x86_64-linux-gnu/libthai.so.0.2.4
7fc9e47bb000-7fc9e47bc000 r--p 00007000 fc:01 19800886                   /usr/lib/x86_64-linux-gnu/libthai.so.0.2.4
7fc9e47bc000-7fc9e47bd000 rw-p 00008000 fc:01 19800886                   /usr/lib/x86_64-linux-gnu/libthai.so.0.2.4
7fc9e47bd000-7fc9e4861000 r-xp 00000000 fc:01 19792348                   /usr/lib/x86_64-linux-gnu/libfreetype.so.6.12.1
7fc9e4861000-7fc9e4a60000 ---p 000a4000 fc:01 19792348                   /usr/lib/x86_64-linux-gnu/libfreetype.so.6.12.1
7fc9e4a60000-7fc9e4a66000 r--p 000a3000 fc:01 19792348                   /usr/lib/x86_64-linux-gnu/libfreetype.so.6.12.1
7fc9e4a66000-7fc9e4a67000 rw-p 000a9000 fc:01 19792348                   /usr/lib/x86_64-linux-gnu/libfreetype.so.6.12.1
7fc9e4a67000-7fc9e4a7b000 r-xp 00000000 fc:01 19800665                   /usr/lib/x86_64-linux-gnu/libpangoft2-1.0.so.0.3800.1
7fc9e4a7b000-7fc9e4c7b000 ---p 00014000 fc:01 19800665                   /usr/lib/x86_64-linux-gnu/libpangoft2-1.0.so.0.3800.1
7fc9e4c7b000-7fc9e4c7c000 r--p 00014000 fc:01 19800665                   /usr/lib/x86_64-linux-gnu/libpangoft2-1.0.so.0.3800.1
7fc9e4c7c000-7fc9e4c7d000 rw-p 00015000 fc:01 19800665                   /usr/lib/x86_64-linux-gnu/libpangoft2-1.0.so.0.3800.1
7fc9e4c7d000-7fc9e4c8e000 r-xp 00000000 fc:01 19799743                   /usr/lib/x86_64-linux-gnu/libXext.so.6.4.0
7fc9e4c8e000-7fc9e4e8d000 ---p 00011000 fc:01 19799743                   /usr/lib/x86_64-linux-gnu/libXext.so.6.4.0
7fc9e4e8d000-7fc9e4e8e000 r--p 00010000 fc:01 19799743                   /usr/lib/x86_64-linux-gnu/libXext.so.6.4.0
7fc9e4e8e000-7fc9e4e8f000 rw-p 00011000 fc:01 19799743                   /usr/lib/x86_64-linux-gnu/libXext.so.6.4.0
7fc9e4e8f000-7fc9e4fc4000 r-xp 00000000 fc:01 19799726                   /usr/lib/x86_64-linux-gnu/libX11.so.6.3.0
7fc9e4fc4000-7fc9e51c4000 ---p 00135000 fc:01 19799726                   /usr/lib/x86_64-linux-gnu/libX11.so.6.3.0
7fc9e51c4000-7fc9e51c5000 r--p 00135000 fc:01 19799726                   /usr/lib/x86_64-linux-gnu/libX11.so.6.3.0
7fc9e51c5000-7fc9e51c9000 rw-p 00136000 fc:01 19799726                   /usr/lib/x86_64-linux-gnu/libX11.so.6.3.0
7fc9e51c9000-7fc9e52d7000 r-xp 00000000 fc:01 19799890                   /usr/lib/x86_64-linux-gnu/libcairo.so.2.11400.6
7fc9e52d7000-7fc9e54d7000 ---p 0010e000 fc:01 19799890                   /usr/lib/x86_64-linux-gnu/libcairo.so.2.11400.6
7fc9e54d7000-7fc9e54da000 r--p 0010e000 fc:01 19799890                   /usr/lib/x86_64-linux-gnu/libcairo.so.2.11400.6
7fc9e54da000-7fc9e54db000 rw-p 00111000 fc:01 19799890                   /usr/lib/x86_64-linux-gnu/libcairo.so.2.11400.6
7fc9e54db000-7fc9e54dd000 rw-p 00000000 00:00 0 
7fc9e54dd000-7fc9e54e2000 r-xp 00000000 fc:01 19799745                   /usr/lib/x86_64-linux-gnu/libXfixes.so.3.1.0
7fc9e54e2000-7fc9e56e1000 ---p 00005000 fc:01 19799745                   /usr/lib/x86_64-linux-gnu/libXfixes.so.3.1.0
7fc9e56e1000-7fc9e56e2000 r--p 00004000 fc:01 19799745                   /usr/lib/x86_64-linux-gnu/libXfixes.so.3.1.0
7fc9e56e2000-7fc9e56e3000 rw-p 00005000 fc:01 19799745                   /usr/lib/x86_64-linux-gnu/libXfixes.so.3.1.0
7fc9e56e3000-7fc9e56e5000 r-xp 00000000 fc:01 19799739                   /usr/lib/x86_64-linux-gnu/libXdamage.so.1.1.0
7fc9e56e5000-7fc9e58e4000 ---p 00002000 fc:01 19799739                   /usr/lib/x86_64-linux-gnu/libXdamage.so.1.1.0
7fc9e58e4000-7fc9e58e5000 r--p 00001000 fc:01 19799739                   /usr/lib/x86_64-linux-gnu/libXdamage.so.1.1.0
7fc9e58e5000-7fc9e58e6000 rw-p 00002000 fc:01 19799739                   /usr/lib/x86_64-linux-gnu/libXdamage.so.1.1.0
7fc9e58e6000-7fc9e58e8000 r-xp 00000000 fc:01 19799735                   /usr/lib/x86_64-linux-gnu/libXcomposite.so.1.0.0
7fc9e58e8000-7fc9e5ae7000 ---p 00002000 fc:01 19799735                   /usr/lib/x86_64-linux-gnu/libXcomposite.so.1.0.0
7fc9e5ae7000-7fc9e5ae8000 r--p 00001000 fc:01 19799735                   /usr/lib/x86_64-linux-gnu/libXcomposite.so.1.0.0
7fc9e5ae8000-7fc9e5ae9000 rw-p 00002000 fc:01 19799735                   /usr/lib/x86_64-linux-gnu/libXcomposite.so.1.0.0
7fc9e5ae9000-7fc9e5af2000 r-xp 00000000 fc:01 19799737                   /usr/lib/x86_64-linux-gnu/libXcursor.so.1.0.2
7fc9e5af2000-7fc9e5cf1000 ---p 00009000 fc:01 19799737                   /usr/lib/x86_64-linux-gnu/libXcursor.so.1.0.2
7fc9e5cf1000-7fc9e5cf2000 r--p 00008000 fc:01 19799737                   /usr/lib/x86_64-linux-gnu/libXcursor.so.1.0.2
7fc9e5cf2000-7fc9e5cf3000 rw-p 00009000 fc:01 19799737                   /usr/lib/x86_64-linux-gnu/libXcursor.so.1.0.2
7fc9e5cf3000-7fc9e5cfd000 r-xp 00000000 fc:01 19799761                   /usr/lib/x86_64-linux-gnu/libXrandr.so.2.2.0
7fc9e5cfd000-7fc9e5efc000 ---p 0000a000 fc:01 19799761                   /usr/lib/x86_64-linux-gnu/libXrandr.so.2.2.0
7fc9e5efc000-7fc9e5efd000 r--p 00009000 fc:01 19799761                   /usr/lib/x86_64-linux-gnu/libXrandr.so.2.2.0
7fc9e5efd000-7fc9e5efe000 rw-p 0000a000 fc:01 19799761                   /usr/lib/x86_64-linux-gnu/libXrandr.so.2.2.0
7fc9e5efe000-7fc9e5f0d000 r-xp 00000000 fc:01 19799751                   /usr/lib/x86_64-linux-gnu/libXi.so.6.1.0
7fc9e5f0d000-7fc9e610c000 ---p 0000f000 fc:01 19799751                   /usr/lib/x86_64-linux-gnu/libXi.so.6.1.0
7fc9e610c000-7fc9e610d000 r--p 0000e000 fc:01 19799751                   /usr/lib/x86_64-linux-gnu/libXi.so.6.1.0
7fc9e610d000-7fc9e610e000 rw-p 0000f000 fc:01 19799751                   /usr/lib/x86_64-linux-gnu/libXi.so.6.1.0
7fc9e610e000-7fc9e6110000 r-xp 00000000 fc:01 19799753                   /usr/lib/x86_64-linux-gnu/libXinerama.so.1.0.0
7fc9e6110000-7fc9e630f000 ---p 00002000 fc:01 19799753                   /usr/lib/x86_64-linux-gnu/libXinerama.so.1.0.0
7fc9e630f000-7fc9e6310000 r--p 00001000 fc:01 19799753                   /usr/lib/x86_64-linux-gnu/libXinerama.so.1.0.0
7fc9e6310000-7fc9e6311000 rw-p 00002000 fc:01 19799753                   /usr/lib/x86_64-linux-gnu/libXinerama.so.1.0.0
7fc9e6311000-7fc9e631a000 r-xp 00000000 fc:01 19799763                   /usr/lib/x86_64-linux-gnu/libXrender.so.1.3.0
7fc9e631a000-7fc9e6519000 ---p 00009000 fc:01 19799763                   /usr/lib/x86_64-linux-gnu/libXrender.so.1.3.0
7fc9e6519000-7fc9e651a000 r--p 00008000 fc:01 19799763                   /usr/lib/x86_64-linux-gnu/libXrender.so.1.3.0
7fc9e651a000-7fc9e651b000 rw-p 00009000 fc:01 19799763                   /usr/lib/x86_64-linux-gnu/libXrender.so.1.3.0
7fc9e651b000-7fc9e6558000 r-xp 00000000 fc:01 19794347                   /usr/lib/x86_64-linux-gnu/libfontconfig.so.1.9.0
7fc9e6558000-7fc9e6757000 ---p 0003d000 fc:01 19794347                   /usr/lib/x86_64-linux-gnu/libfontconfig.so.1.9.0
7fc9e6757000-7fc9e6759000 r--p 0003c000 fc:01 19794347                   /usr/lib/x86_64-linux-gnu/libfontconfig.so.1.9.0
7fc9e6759000-7fc9e675e000 rw-p 0003e000 fc:01 19794347                   /usr/lib/x86_64-linux-gnu/libfontconfig.so.1.9.0
7fc9e675e000-7fc9e68de000 r-xp 00000000 fc:01 19792314                   /usr/lib/x86_64-linux-gnu/libgio-2.0.so.0.4800.2
7fc9e68de000-7fc9e6ade000 ---p 00180000 fc:01 19792314                   /usr/lib/x86_64-linux-gnu/libgio-2.0.so.0.4800.2
7fc9e6ade000-7fc9e6ae2000 r--p 00180000 fc:01 19792314                   /usr/lib/x86_64-linux-gnu/libgio-2.0.so.0.4800.2
7fc9e6ae2000-7fc9e6ae4000 rw-p 00184000 fc:01 19792314                   /usr/lib/x86_64-linux-gnu/libgio-2.0.so.0.4800.2
7fc9e6ae4000-7fc9e6ae6000 rw-p 00000000 00:00 0 
7fc9e6ae6000-7fc9e6b07000 r-xp 00000000 fc:01 19794349                   /usr/lib/x86_64-linux-gnu/libgdk_pixbuf-2.0.so.0.3200.2
7fc9e6b07000-7fc9e6d06000 ---p 00021000 fc:01 19794349                   /usr/lib/x86_64-linux-gnu/libgdk_pixbuf-2.0.so.0.3200.2
7fc9e6d06000-7fc9e6d07000 r--p 00020000 fc:01 19794349                   /usr/lib/x86_64-linux-gnu/libgdk_pixbuf-2.0.so.0.3200.2
7fc9e6d07000-7fc9e6d08000 rw-p 00021000 fc:01 19794349                   /usr/lib/x86_64-linux-gnu/libgdk_pixbuf-2.0.so.0.3200.2
7fc9e6d08000-7fc9e6d51000 r-xp 00000000 fc:01 19800661                   /usr/lib/x86_64-linux-gnu/libpango-1.0.so.0.3800.1
7fc9e6d51000-7fc9e6f51000 ---p 00049000 fc:01 19800661                   /usr/lib/x86_64-linux-gnu/libpango-1.0.so.0.3800.1
7fc9e6f51000-7fc9e6f53000 r--p 00049000 fc:01 19800661                   /usr/lib/x86_64-linux-gnu/libpango-1.0.so.0.3800.1
7fc9e6f53000-7fc9e6f54000 rw-p 0004b000 fc:01 19800661                   /usr/lib/x86_64-linux-gnu/libpango-1.0.so.0.3800.1
7fc9e6f54000-7fc9e6f60000 r-xp 00000000 fc:01 19800663                   /usr/lib/x86_64-linux-gnu/libpangocairo-1.0.so.0.3800.1
7fc9e6f60000-7fc9e715f000 ---p 0000c000 fc:01 19800663                   /usr/lib/x86_64-linux-gnu/libpangocairo-1.0.so.0.3800.1
7fc9e715f000-7fc9e7160000 r--p 0000b000 fc:01 19800663                   /usr/lib/x86_64-linux-gnu/libpangocairo-1.0.so.0.3800.1
7fc9e7160000-7fc9e7161000 rw-p 0000c000 fc:01 19800663                   /usr/lib/x86_64-linux-gnu/libpangocairo-1.0.so.0.3800.1
7fc9e7161000-7fc9e7211000 r-xp 00000000 fc:01 19800199                   /usr/lib/x86_64-linux-gnu/libgdk-x11-2.0.so.0.2400.30
7fc9e7211000-7fc9e7410000 ---p 000b0000 fc:01 19800199                   /usr/lib/x86_64-linux-gnu/libgdk-x11-2.0.so.0.2400.30
7fc9e7410000-7fc9e7414000 r--p 000af000 fc:01 19800199                   /usr/lib/x86_64-linux-gnu/libgdk-x11-2.0.so.0.2400.30
7fc9e7414000-7fc9e7416000 rw-p 000b3000 fc:01 19800199                   /usr/lib/x86_64-linux-gnu/libgdk-x11-2.0.so.0.2400.30
7fc9e7416000-7fc9e7484000 r-xp 00000000 fc:01 25432549                   /lib/x86_64-linux-gnu/libpcre.so.3.13.2
7fc9e7484000-7fc9e7684000 ---p 0006e000 fc:01 25432549                   /lib/x86_64-linux-gnu/libpcre.so.3.13.2
7fc9e7684000-7fc9e7685000 r--p 0006e000 fc:01 25432549                   /lib/x86_64-linux-gnu/libpcre.so.3.13.2
7fc9e7685000-7fc9e7686000 rw-p 0006f000 fc:01 25432549                   /lib/x86_64-linux-gnu/libpcre.so.3.13.2
7fc9e7686000-7fc9e768d000 r-xp 00000000 fc:01 19800112                   /usr/lib/x86_64-linux-gnu/libffi.so.6.0.4
7fc9e768d000-7fc9e788c000 ---p 00007000 fc:01 19800112                   /usr/lib/x86_64-linux-gnu/libffi.so.6.0.4
7fc9e788c000-7fc9e788d000 r--p 00006000 fc:01 19800112                   /usr/lib/x86_64-linux-gnu/libffi.so.6.0.4
7fc9e788d000-7fc9e788e000 rw-p 00007000 fc:01 19800112                   /usr/lib/x86_64-linux-gnu/libffi.so.6.0.4
7fc9e788e000-7fc9e799d000 r-xp 00000000 fc:01 25432401                   /lib/x86_64-linux-gnu/libglib-2.0.so.0.4800.2
7fc9e799d000-7fc9e7b9c000 ---p 0010f000 fc:01 25432401                   /lib/x86_64-linux-gnu/libglib-2.0.so.0.4800.2
7fc9e7b9c000-7fc9e7b9d000 r--p 0010e000 fc:01 25432401                   /lib/x86_64-linux-gnu/libglib-2.0.so.0.4800.2
7fc9e7b9d000-7fc9e7b9e000 rw-p 0010f000 fc:01 25432401                   /lib/x86_64-linux-gnu/libglib-2.0.so.0.4800.2
7fc9e7b9e000-7fc9e7b9f000 rw-p 00000000 00:00 0 
7fc9e7b9f000-7fc9e7bf1000 r-xp 00000000 fc:01 19792311                   /usr/lib/x86_64-linux-gnu/libgobject-2.0.so.0.4800.2
7fc9e7bf1000-7fc9e7df0000 ---p 00052000 fc:01 19792311                   /usr/lib/x86_64-linux-gnu/libgobject-2.0.so.0.4800.2
7fc9e7df0000-7fc9e7df1000 r--p 00051000 fc:01 19792311                   /usr/lib/x86_64-linux-gnu/libgobject-2.0.so.0.4800.2
7fc9e7df1000-7fc9e7df2000 rw-p 00052000 fc:01 19792311                   /usr/lib/x86_64-linux-gnu/libgobject-2.0.so.0.4800.2
7fc9e7df2000-7fc9e7dff000 r-xp 00000000 fc:01 23989143                   /usr/lib/eclipse/plugins/org.eclipse.equinox.launcher.gtk.linux.x86_64_1.1.200.dist/eclipse_1503.so
7fc9e7dff000-7fc9e7ffe000 ---p 0000d000 fc:01 23989143                   /usr/lib/eclipse/plugins/org.eclipse.equinox.launcher.gtk.linux.x86_64_1.1.200.dist/eclipse_1503.so
7fc9e7ffe000-7fc9e7fff000 r--p 0000c000 fc:01 23989143                   /usr/lib/eclipse/plugins/org.eclipse.equinox.launcher.gtk.linux.x86_64_1.1.200.dist/eclipse_1503.so
7fc9e7fff000-7fc9e8000000 rw-p 0000d000 fc:01 23989143                   /usr/lib/eclipse/plugins/org.eclipse.equinox.launcher.gtk.linux.x86_64_1.1.200.dist/eclipse_1503.so
7fc9e8000000-7fc9e82e1000 rw-p 00000000 00:00 0 
7fc9e82e1000-7fc9ec000000 ---p 00000000 00:00 0 
7fc9ec000000-7fc9ec021000 rw-p 00000000 00:00 0 
7fc9ec021000-7fc9f0000000 ---p 00000000 00:00 0 
7fc9f0000000-7fc9f0021000 rw-p 00000000 00:00 0 
7fc9f0021000-7fc9f4000000 ---p 00000000 00:00 0 
7fc9f4000000-7fc9f41e6000 rw-p 00000000 00:00 0 
7fc9f41e6000-7fc9f8000000 ---p 00000000 00:00 0 
7fc9f8000000-7fc9f8021000 rw-p 00000000 00:00 0 
7fc9f8021000-7fc9fc000000 ---p 00000000 00:00 0 
7fc9fc000000-7fc9fc021000 rw-p 00000000 00:00 0 
7fc9fc021000-7fca00000000 ---p 00000000 00:00 0 
7fca00000000-7fca00021000 rw-p 00000000 00:00 0 
7fca00021000-7fca04000000 ---p 00000000 00:00 0 
7fca04000000-7fca04021000 rw-p 00000000 00:00 0 
7fca04021000-7fca08000000 ---p 00000000 00:00 0 
7fca08000000-7fca08021000 rw-p 00000000 00:00 0 
7fca08021000-7fca0c000000 ---p 00000000 00:00 0 
7fca0c000000-7fca0c048000 r--s 006c9000 fc:01 20330828                   /usr/share/java/icu4j-49.1.jar
7fca0c048000-7fca0c05e000 r--s 00191000 fc:01 20190343                   /usr/lib/java/swt-gtk-3.8.2.jar
7fca0c05e000-7fca0c073000 r--s 000ee000 fc:01 20190348                   /usr/lib/eclipse/plugins/org.eclipse.jface_3.8.0.dist.jar
7fca0c073000-7fca0c0b9000 r--s 0039d000 fc:01 20190364                   /usr/lib/eclipse/plugins/org.eclipse.ui.workbench_3.8.1.dist.jar
7fca0c0b9000-7fca0c11c000 rw-p 00000000 00:00 0 
7fca0c11c000-7fca0c11d000 ---p 00000000 00:00 0 
7fca0c11d000-7fca0c21d000 rw-p 00000000 00:00 0 
7fca0c21d000-7fca0c220000 ---p 00000000 00:00 0 
7fca0c220000-7fca0c31e000 rw-p 00000000 00:00 0 
7fca0c31e000-7fca0c321000 ---p 00000000 00:00 0 
7fca0c321000-7fca0c41f000 rw-p 00000000 00:00 0 
7fca0c41f000-7fca0c422000 ---p 00000000 00:00 0 
7fca0c422000-7fca0c520000 rw-p 00000000 00:00 0 
7fca0c520000-7fca0c523000 ---p 00000000 00:00 0 
7fca0c523000-7fca0c621000 rw-p 00000000 00:00 0 
7fca0c621000-7fca0c8f9000 r--p 00000000 fc:01 19792096                   /usr/lib/locale/locale-archive
7fca0c8f9000-7fca0c8fc000 ---p 00000000 00:00 0 
7fca0c8fc000-7fca0c9fa000 rw-p 00000000 00:00 0 
7fca0c9fa000-7fca0c9fd000 ---p 00000000 00:00 0 
7fca0c9fd000-7fca0cafb000 rw-p 00000000 00:00 0 
7fca0cafb000-7fca0cafc000 ---p 00000000 00:00 0 
7fca0cafc000-7fca0d000000 rw-p 00000000 00:00 0 
7fca0d000000-7fca0d430000 rwxp 00000000 00:00 0 
7fca0d430000-7fca1c000000 ---p 00000000 00:00 0 
7fca1c000000-7fca1c8ec000 rw-p 00000000 00:00 0 
7fca1c8ec000-7fca20000000 ---p 00000000 00:00 0 
7fca20000000-7fca20001000 r--s 00000000 fc:01 15603469                   /var/cache/fontconfig/3334a778d104e76d188e9df399bc24d2-le64.cache-6
7fca20001000-7fca20002000 r--s 00000000 fc:01 15603454                   /var/cache/fontconfig/c277e94e32b20404286a1ddafa5a80f0-le64.cache-6
7fca20002000-7fca20004000 r--s 00000000 fc:01 15603907                   /var/cache/fontconfig/16326683038b281783a0ef8c680e3a10-le64.cache-6
7fca20004000-7fca20005000 r--s 00000000 fc:01 15603887                   /var/cache/fontconfig/e0aa53bcfa504e64f87823c16bc01eb6-le64.cache-6
7fca20005000-7fca20009000 r--s 00015000 fc:01 20190369                   /usr/lib/eclipse/plugins/org.eclipse.core.commands_3.6.1.dist.jar
7fca20009000-7fca2000d000 r--s 0001e000 fc:01 20190365                   /usr/lib/eclipse/plugins/org.eclipse.ui_3.8.0.dist.jar
7fca2000d000-7fca2000e000 r--s 00000000 fc:01 22550112                   /usr/share/eclipse/plugins/org.eclipse.ui.workbench.compatibility_3.2.101.dist/compatibility.jar
7fca2000e000-7fca20010000 r--s 0000d000 fc:01 22421319                   /usr/share/eclipse/plugins/org.eclipse.ui.ide.application_1.0.400.dist.jar
7fca20010000-7fca20012000 r--s 0000b000 fc:01 20330823                   /usr/share/java/org.apache.felix.gogo.command.jar
7fca20012000-7fca20014000 r--s 0000c000 fc:01 20330825                   /usr/share/java/org.apache.felix.gogo.shell.jar
7fca20014000-7fca20018000 r--s 0001b000 fc:01 20330802                   /usr/share/java/org.apache.felix.gogo.runtime.jar
7fca20018000-7fca2001a000 r--s 00018000 fc:01 20190362                   /usr/lib/eclipse/plugins/org.eclipse.equinox.console_1.0.0.dist.jar
7fca2001a000-7fca2001b000 r--s 00006000 fc:01 22421374                   /usr/share/eclipse/plugins/org.eclipse.equinox.p2.directorywatcher_1.0.300.dist.jar
7fca2001b000-7fca2001e000 r--s 0000d000 fc:01 22421299                   /usr/share/eclipse/plugins/org.eclipse.equinox.p2.core_2.2.0.dist.jar
7fca2001e000-7fca2001f000 r--s 0000a000 fc:01 22421285                   /usr/share/eclipse/plugins/org.eclipse.equinox.p2.reconciler.dropins_1.1.200.dist.jar
7fca2001f000-7fca20022000 r--s 00013000 fc:01 22421332                   /usr/share/eclipse/plugins/org.eclipse.core.runtime.compatibility_3.2.200.dist.jar
7fca20022000-7fca20024000 r--s 00012000 fc:01 20190358                   /usr/lib/eclipse/plugins/org.eclipse.equinox.app_1.3.100.dist.jar
7fca20024000-7fca20026000 r--s 00013000 fc:01 20190366                   /usr/lib/eclipse/plugins/org.eclipse.core.jobs_3.5.200.dist.jar
7fca20026000-7fca20028000 r--s 00016000 fc:01 20190360                   /usr/lib/eclipse/plugins/org.eclipse.update.configurator_3.3.200.dist.jar
7fca20028000-7fca2002b000 r--s 0001a000 fc:01 20190354                   /usr/lib/eclipse/plugins/org.eclipse.equinox.preferences_3.5.0.dist.jar
7fca2002b000-7fca2002d000 r--s 00013000 fc:01 20190367                   /usr/lib/eclipse/plugins/org.eclipse.core.contenttype_3.4.200.dist.jar
7fca2002d000-7fca2002e000 r--s 00001000 fc:01 22550106                   /usr/share/eclipse/plugins/org.eclipse.core.runtime.compatibility.registry_3.5.100.dist/runtime_registry_compatibility.jar
7fca2002e000-7fca20031000 r--s 00028000 fc:01 20190363                   /usr/lib/eclipse/plugins/org.eclipse.equinox.registry_3.5.200.dist.jar
7fca20031000-7fca20033000 r--s 0000f000 fc:01 20190346                   /usr/lib/eclipse/plugins/org.eclipse.core.runtime_3.8.0.dist.jar
7fca20033000-7fca20035000 r--s 00005000 fc:01 22421378                   /usr/share/eclipse/plugins/org.eclipse.equinox.event_1.2.200.dist.jar
7fca20035000-7fca20038000 r--s 00010000 fc:01 20190340                   /usr/lib/eclipse/plugins/org.eclipse.osgi.services_3.3.100.dist.jar
7fca20038000-7fca2003b000 r--s 0000f000 fc:01 20190352                   /usr/lib/eclipse/plugins/org.eclipse.equinox.util_1.0.400.dist.jar
7fca2003b000-7fca2003e000 r--s 0002c000 fc:01 20190359                   /usr/lib/eclipse/plugins/org.eclipse.equinox.ds_1.4.0.dist.jar
7fca2003e000-7fca20041000 r--s 00016000 fc:01 20190368                   /usr/lib/eclipse/plugins/org.eclipse.equinox.common_3.6.100.dist.jar
7fca20041000-7fca20055000 r--s 0013a000 fc:01 20190341                   /usr/lib/eclipse/plugins/org.eclipse.osgi_3.8.1.dist.jar
7fca20055000-7fca20079000 r--s 00000000 fc:01 20328829                   /usr/share/mime/mime.cache
7fca20079000-7fca20094000 r--s 00394000 fc:01 20190410                   /usr/lib/jvm/java-8-openjdk-amd64/jre/lib/ext/cldrdata.jar
7fca20094000-7fca200af000 r--s 001d6000 fc:01 20190412                   /usr/lib/jvm/java-8-openjdk-amd64/jre/lib/ext/nashorn.jar
7fca200af000-7fca20601000 rw-p 00000000 00:00 0 
7fca20601000-7fca207d0000 r--s 03c07000 fc:01 20062398                   /usr/lib/jvm/java-8-openjdk-amd64/jre/lib/rt.jar
7fca207d0000-7fca21d61000 rw-p 00000000 00:00 0 
7fca21d61000-7fca21d62000 ---p 00000000 00:00 0 
7fca21d62000-7fca21e62000 rw-p 00000000 00:00 0 
7fca21e62000-7fca21e63000 ---p 00000000 00:00 0 
7fca21e63000-7fca21f71000 rw-p 00000000 00:00 0 
7fca21f71000-7fca21fe3000 ---p 00000000 00:00 0 
7fca21fe3000-7fca21ff4000 rw-p 00000000 00:00 0 
7fca21ff4000-7fca223a3000 ---p 00000000 00:00 0 
7fca223a3000-7fca223ab000 r-xp 00000000 fc:01 20062376                   /usr/lib/jvm/java-8-openjdk-amd64/jre/lib/amd64/libzip.so
7fca223ab000-7fca225aa000 ---p 00008000 fc:01 20062376                   /usr/lib/jvm/java-8-openjdk-amd64/jre/lib/amd64/libzip.so
7fca225aa000-7fca225ab000 r--p 00007000 fc:01 20062376                   /usr/lib/jvm/java-8-openjdk-amd64/jre/lib/amd64/libzip.so
7fca225ab000-7fca225ac000 rw-p 00008000 fc:01 20062376                   /usr/lib/jvm/java-8-openjdk-amd64/jre/lib/amd64/libzip.so
7fca225ac000-7fca225af000 r-xp 00000000 fc:01 8650890                    /opt/pbis/lib/libuuid.so.0.0.0
7fca225af000-7fca226ae000 ---p 00003000 fc:01 8650890                    /opt/pbis/lib/libuuid.so.0.0.0
7fca226ae000-7fca226af000 rw-p 00002000 fc:01 8650890                    /opt/pbis/lib/libuuid.so.0.0.0
7fca226af000-7fca2273a000 r-xp 00000000 fc:01 8650886                    /opt/pbis/lib/liblwbase_nothr.so.0.0.0
7fca2273a000-7fca2283a000 ---p 0008b000 fc:01 8650886                    /opt/pbis/lib/liblwbase_nothr.so.0.0.0
7fca2283a000-7fca22866000 rw-p 0008b000 fc:01 8650886                    /opt/pbis/lib/liblwbase_nothr.so.0.0.0
7fca22866000-7fca22868000 rw-p 00000000 00:00 0 
7fca22868000-7fca2288d000 r-xp 00000000 fc:01 8650915                    /opt/pbis/lib/liblsacommon.so.0.0.0
7fca2288d000-7fca2298d000 ---p 00025000 fc:01 8650915                    /opt/pbis/lib/liblsacommon.so.0.0.0
7fca2298d000-7fca22999000 rw-p 00025000 fc:01 8650915                    /opt/pbis/lib/liblsacommon.so.0.0.0
7fca22999000-7fca229c2000 r-xp 00000000 fc:01 8650922                    /opt/pbis/lib/liblwadvapi_nothr.so.0.0.0
7fca229c2000-7fca22ac1000 ---p 00029000 fc:01 8650922                    /opt/pbis/lib/liblwadvapi_nothr.so.0.0.0
7fca22ac1000-7fca22aca000 rw-p 00028000 fc:01 8650922                    /opt/pbis/lib/liblwadvapi_nothr.so.0.0.0
7fca22aca000-7fca22ae8000 r-xp 00000000 fc:01 8650882                    /opt/pbis/lib/liblwmsg_nothr.so.0.0.0
7fca22ae8000-7fca22be7000 ---p 0001e000 fc:01 8650882                    /opt/pbis/lib/liblwmsg_nothr.so.0.0.0
7fca22be7000-7fca22bea000 rw-p 0001d000 fc:01 8650882                    /opt/pbis/lib/liblwmsg_nothr.so.0.0.0
7fca22bea000-7fca22bed000 r-xp 00000000 fc:01 8650857                    /opt/pbis/lib/liblsaauth.so.0.0.0
7fca22bed000-7fca22cec000 ---p 00003000 fc:01 8650857                    /opt/pbis/lib/liblsaauth.so.0.0.0
7fca22cec000-7fca22ced000 rw-p 00002000 fc:01 8650857                    /opt/pbis/lib/liblsaauth.so.0.0.0
7fca22ced000-7fca22d09000 r-xp 00000000 fc:01 8650928                    /opt/pbis/lib/liblsaclient.so.0.0.0
7fca22d09000-7fca22e09000 ---p 0001c000 fc:01 8650928                    /opt/pbis/lib/liblsaclient.so.0.0.0
7fca22e09000-7fca22e0a000 rw-p 0001c000 fc:01 8650928                    /opt/pbis/lib/liblsaclient.so.0.0.0
7fca22e0a000-7fca22e0f000 r-xp 00000000 fc:01 25428145                   /lib/libnss_lsass.so.2
7fca22e0f000-7fca22f0f000 ---p 00005000 fc:01 25428145                   /lib/libnss_lsass.so.2
7fca22f0f000-7fca22f10000 rw-p 00005000 fc:01 25428145                   /lib/libnss_lsass.so.2
7fca22f10000-7fca22f1b000 r-xp 00000000 fc:01 25432411                   /lib/x86_64-linux-gnu/libnss_files-2.23.so
7fca22f1b000-7fca2311a000 ---p 0000b000 fc:01 25432411                   /lib/x86_64-linux-gnu/libnss_files-2.23.so
7fca2311a000-7fca2311b000 r--p 0000a000 fc:01 25432411                   /lib/x86_64-linux-gnu/libnss_files-2.23.so
7fca2311b000-7fca2311c000 rw-p 0000b000 fc:01 25432411                   /lib/x86_64-linux-gnu/libnss_files-2.23.so
7fca2311c000-7fca23122000 rw-p 00000000 00:00 0 
7fca23122000-7fca2312d000 r-xp 00000000 fc:01 25432345                   /lib/x86_64-linux-gnu/libnss_nis-2.23.so
7fca2312d000-7fca2332c000 ---p 0000b000 fc:01 25432345                   /lib/x86_64-linux-gnu/libnss_nis-2.23.so
7fca2332c000-7fca2332d000 r--p 0000a000 fc:01 25432345                   /lib/x86_64-linux-gnu/libnss_nis-2.23.so
7fca2332d000-7fca2332e000 rw-p 0000b000 fc:01 25432345                   /lib/x86_64-linux-gnu/libnss_nis-2.23.so
7fca2332e000-7fca23344000 r-xp 00000000 fc:01 25432349                   /lib/x86_64-linux-gnu/libnsl-2.23.so
7fca23344000-7fca23543000 ---p 00016000 fc:01 25432349                   /lib/x86_64-linux-gnu/libnsl-2.23.so
7fca23543000-7fca23544000 r--p 00015000 fc:01 25432349                   /lib/x86_64-linux-gnu/libnsl-2.23.so
7fca23544000-7fca23545000 rw-p 00016000 fc:01 25432349                   /lib/x86_64-linux-gnu/libnsl-2.23.so
7fca23545000-7fca23547000 rw-p 00000000 00:00 0 
7fca23547000-7fca2354f000 r-xp 00000000 fc:01 25432450                   /lib/x86_64-linux-gnu/libnss_compat-2.23.so
7fca2354f000-7fca2374e000 ---p 00008000 fc:01 25432450                   /lib/x86_64-linux-gnu/libnss_compat-2.23.so
7fca2374e000-7fca2374f000 r--p 00007000 fc:01 25432450                   /lib/x86_64-linux-gnu/libnss_compat-2.23.so
7fca2374f000-7fca23750000 rw-p 00008000 fc:01 25432450                   /lib/x86_64-linux-gnu/libnss_compat-2.23.so
7fca23750000-7fca2377d000 r-xp 00000000 fc:01 20062371                   /usr/lib/jvm/java-8-openjdk-amd64/jre/lib/amd64/libjava.so
7fca2377d000-7fca2397c000 ---p 0002d000 fc:01 20062371                   /usr/lib/jvm/java-8-openjdk-amd64/jre/lib/amd64/libjava.so
7fca2397c000-7fca2397d000 r--p 0002c000 fc:01 20062371                   /usr/lib/jvm/java-8-openjdk-amd64/jre/lib/amd64/libjava.so
7fca2397d000-7fca2397f000 rw-p 0002d000 fc:01 20062371                   /usr/lib/jvm/java-8-openjdk-amd64/jre/lib/amd64/libjava.so
7fca2397f000-7fca2398e000 r-xp 00000000 fc:01 20062368                   /usr/lib/jvm/java-8-openjdk-amd64/jre/lib/amd64/libverify.so
7fca2398e000-7fca23b8d000 ---p 0000f000 fc:01 20062368                   /usr/lib/jvm/java-8-openjdk-amd64/jre/lib/amd64/libverify.so
7fca23b8d000-7fca23b8f000 r--p 0000e000 fc:01 20062368                   /usr/lib/jvm/java-8-openjdk-amd64/jre/lib/amd64/libverify.so
7fca23b8f000-7fca23b90000 rw-p 00010000 fc:01 20062368                   /usr/lib/jvm/java-8-openjdk-amd64/jre/lib/amd64/libverify.so
7fca23b90000-7fca23b97000 r-xp 00000000 fc:01 25432565                   /lib/x86_64-linux-gnu/librt-2.23.so
7fca23b97000-7fca23d96000 ---p 00007000 fc:01 25432565                   /lib/x86_64-linux-gnu/librt-2.23.so
7fca23d96000-7fca23d97000 r--p 00006000 fc:01 25432565                   /lib/x86_64-linux-gnu/librt-2.23.so
7fca23d97000-7fca23d98000 rw-p 00007000 fc:01 25432565                   /lib/x86_64-linux-gnu/librt-2.23.so
7fca23d98000-7fca23dae000 r-xp 00000000 fc:01 25432343                   /lib/x86_64-linux-gnu/libgcc_s.so.1
7fca23dae000-7fca23fad000 ---p 00016000 fc:01 25432343                   /lib/x86_64-linux-gnu/libgcc_s.so.1
7fca23fad000-7fca23fae000 r--p 00015000 fc:01 25432343                   /lib/x86_64-linux-gnu/libgcc_s.so.1
7fca23fae000-7fca23faf000 rw-p 00016000 fc:01 25432343                   /lib/x86_64-linux-gnu/libgcc_s.so.1
7fca23faf000-7fca240b7000 r-xp 00000000 fc:01 25432346                   /lib/x86_64-linux-gnu/libm-2.23.so
7fca240b7000-7fca242b6000 ---p 00108000 fc:01 25432346                   /lib/x86_64-linux-gnu/libm-2.23.so
7fca242b6000-7fca242b7000 r--p 00107000 fc:01 25432346                   /lib/x86_64-linux-gnu/libm-2.23.so
7fca242b7000-7fca242b8000 rw-p 00108000 fc:01 25432346                   /lib/x86_64-linux-gnu/libm-2.23.so
7fca242b8000-7fca24432000 r-xp 00000000 fc:01 19792201                   /usr/lib/x86_64-linux-gnu/libstdc++.so.6.0.23
7fca24432000-7fca24632000 ---p 0017a000 fc:01 19792201                   /usr/lib/x86_64-linux-gnu/libstdc++.so.6.0.23
7fca24632000-7fca2463c000 r--p 0017a000 fc:01 19792201                   /usr/lib/x86_64-linux-gnu/libstdc++.so.6.0.23
7fca2463c000-7fca2463e000 rw-p 00184000 fc:01 19792201                   /usr/lib/x86_64-linux-gnu/libstdc++.so.6.0.23
7fca2463e000-7fca24642000 rw-p 00000000 00:00 0 
7fca24642000-7fca25293000 r-xp 00000000 fc:01 20190414                   /usr/lib/jvm/java-8-openjdk-amd64/jre/lib/amd64/server/libjvm.so
7fca25293000-7fca25493000 ---p 00c51000 fc:01 20190414                   /usr/lib/jvm/java-8-openjdk-amd64/jre/lib/amd64/server/libjvm.so
7fca25493000-7fca25526000 r--p 00c51000 fc:01 20190414                   /usr/lib/jvm/java-8-openjdk-amd64/jre/lib/amd64/server/libjvm.so
7fca25526000-7fca2554f000 rw-p 00ce4000 fc:01 20190414                   /usr/lib/jvm/java-8-openjdk-amd64/jre/lib/amd64/server/libjvm.so
7fca2554f000-7fca2557f000 rw-p 00000000 00:00 0 
7fca2557f000-7fca25597000 r-xp 00000000 fc:01 25432813                   /lib/x86_64-linux-gnu/libpthread-2.23.so
7fca25597000-7fca25796000 ---p 00018000 fc:01 25432813                   /lib/x86_64-linux-gnu/libpthread-2.23.so
7fca25796000-7fca25797000 r--p 00017000 fc:01 25432813                   /lib/x86_64-linux-gnu/libpthread-2.23.so
7fca25797000-7fca25798000 rw-p 00018000 fc:01 25432813                   /lib/x86_64-linux-gnu/libpthread-2.23.so
7fca25798000-7fca2579c000 rw-p 00000000 00:00 0 
7fca2579c000-7fca2579f000 r-xp 00000000 fc:01 25432342                   /lib/x86_64-linux-gnu/libdl-2.23.so
7fca2579f000-7fca2599e000 ---p 00003000 fc:01 25432342                   /lib/x86_64-linux-gnu/libdl-2.23.so
7fca2599e000-7fca2599f000 r--p 00002000 fc:01 25432342                   /lib/x86_64-linux-gnu/libdl-2.23.so
7fca2599f000-7fca259a0000 rw-p 00003000 fc:01 25432342                   /lib/x86_64-linux-gnu/libdl-2.23.so
7fca259a0000-7fca259b9000 r-xp 00000000 fc:01 25432611                   /lib/x86_64-linux-gnu/libz.so.1.2.8
7fca259b9000-7fca25bb8000 ---p 00019000 fc:01 25432611                   /lib/x86_64-linux-gnu/libz.so.1.2.8
7fca25bb8000-7fca25bb9000 r--p 00018000 fc:01 25432611                   /lib/x86_64-linux-gnu/libz.so.1.2.8
7fca25bb9000-7fca25bba000 rw-p 00019000 fc:01 25432611                   /lib/x86_64-linux-gnu/libz.so.1.2.8
7fca25bba000-7fca25d79000 r-xp 00000000 fc:01 25432351                   /lib/x86_64-linux-gnu/libc-2.23.so
7fca25d79000-7fca25f79000 ---p 001bf000 fc:01 25432351                   /lib/x86_64-linux-gnu/libc-2.23.so
7fca25f79000-7fca25f7d000 r--p 001bf000 fc:01 25432351                   /lib/x86_64-linux-gnu/libc-2.23.so
7fca25f7d000-7fca25f7f000 rw-p 001c3000 fc:01 25432351                   /lib/x86_64-linux-gnu/libc-2.23.so
7fca25f7f000-7fca25f83000 rw-p 00000000 00:00 0 
7fca25f83000-7fca25f90000 r-xp 00000000 fc:01 20062383                   /usr/lib/jvm/java-8-openjdk-amd64/jre/lib/amd64/jli/libjli.so
7fca25f90000-7fca26190000 ---p 0000d000 fc:01 20062383                   /usr/lib/jvm/java-8-openjdk-amd64/jre/lib/amd64/jli/libjli.so
7fca26190000-7fca26191000 r--p 0000d000 fc:01 20062383                   /usr/lib/jvm/java-8-openjdk-amd64/jre/lib/amd64/jli/libjli.so
7fca26191000-7fca26192000 rw-p 0000e000 fc:01 20062383                   /usr/lib/jvm/java-8-openjdk-amd64/jre/lib/amd64/jli/libjli.so
7fca26192000-7fca261b8000 r-xp 00000000 fc:01 25432353                   /lib/x86_64-linux-gnu/ld-2.23.so
7fca261b8000-7fca261ba000 r--s 00008000 fc:01 20190347                   /usr/lib/eclipse/plugins/org.eclipse.equinox.simpleconfigurator_1.0.301.dist.jar
7fca261ba000-7fca261bf000 r--s 0009a000 fc:01 20062410                   /usr/lib/jvm/java-8-openjdk-amd64/jre/lib/jsse.jar
7fca261bf000-7fca261c4000 r--s 0003b000 fc:01 20190408                   /usr/lib/jvm/java-8-openjdk-amd64/jre/lib/ext/sunjce_provider.jar
7fca261c4000-7fca261d2000 rw-p 00000000 00:00 0 
7fca261d2000-7fca26244000 ---p 00000000 00:00 0 
7fca26244000-7fca2625a000 rw-p 00000000 00:00 0 
7fca2625a000-7fca26284000 ---p 00000000 00:00 0 
7fca26284000-7fca26285000 rw-p 00000000 00:00 0 
7fca26285000-7fca26288000 ---p 00000000 00:00 0 
7fca26288000-7fca2638b000 rw-p 00000000 00:00 0 
7fca2638b000-7fca2638c000 r--s 0000a000 fc:01 20190344                   /usr/lib/eclipse/plugins/org.eclipse.equinox.launcher_1.3.0.dist.jar
7fca2638c000-7fca2638e000 r--s 00001000 fc:01 20185720                   /usr/lib/jvm/java-8-openjdk-amd64/jre/lib/ext/dnsns.jar
7fca2638e000-7fca2638f000 r--s 0000a000 fc:01 20190404                   /usr/lib/jvm/java-8-openjdk-amd64/jre/lib/ext/jaccess.jar
7fca2638f000-7fca26393000 r--s 00037000 fc:01 20190405                   /usr/lib/jvm/java-8-openjdk-amd64/jre/lib/ext/sunpkcs11.jar
7fca26393000-7fca2639d000 r--s 00116000 fc:01 20190411                   /usr/lib/jvm/java-8-openjdk-amd64/jre/lib/ext/localedata.jar
7fca2639d000-7fca2639e000 r--s 00010000 fc:01 20190406                   /usr/lib/jvm/java-8-openjdk-amd64/jre/lib/ext/zipfs.jar
7fca2639e000-7fca263a1000 r--s 0000f000 fc:01 20190409                   /usr/lib/jvm/java-8-openjdk-amd64/jre/lib/ext/icedtea-sound.jar
7fca263a1000-7fca263a3000 r--s 00008000 fc:01 20190407                   /usr/lib/jvm/java-8-openjdk-amd64/jre/lib/ext/sunec.jar
7fca263a3000-7fca263ab000 rw-p 00000000 00:00 0 
7fca263ab000-7fca263b3000 rw-s 00000000 fc:01 9307296                    /tmp/hsperfdata_ASUAD\vdixit2/13720
7fca263b3000-7fca263b4000 rw-p 00000000 00:00 0 
7fca263b4000-7fca263b5000 r--p 00000000 00:00 0 
7fca263b5000-7fca263b7000 rw-p 00000000 00:00 0 
7fca263b7000-7fca263b8000 r--p 00025000 fc:01 25432353                   /lib/x86_64-linux-gnu/ld-2.23.so
7fca263b8000-7fca263b9000 rw-p 00026000 fc:01 25432353                   /lib/x86_64-linux-gnu/ld-2.23.so
7fca263b9000-7fca263ba000 rw-p 00000000 00:00 0 
7ffe58307000-7ffe58328000 rw-p 00000000 00:00 0                          [stack]
7ffe58397000-7ffe58399000 r--p 00000000 00:00 0                          [vvar]
7ffe58399000-7ffe5839b000 r-xp 00000000 00:00 0                          [vdso]
ffffffffff600000-ffffffffff601000 r-xp 00000000 00:00 0                  [vsyscall]

VM Arguments:
jvm_args: -Xms40m -Xmx384m -Dorg.eclipse.equinox.p2.reconciler.dropins.directory=/usr/share/eclipse/dropins -XX:MaxPermSize=256m 
java_command: /usr/lib/eclipse//plugins/org.eclipse.equinox.launcher_1.3.0.dist.jar -os linux -ws gtk -arch x86_64 -showsplash /usr/lib/eclipse//plugins/org.eclipse.platform_3.8.1.dist/splash.bmp -launcher /usr/lib/eclipse/eclipse -name Eclipse --launcher.library /usr/lib/eclipse//plugins/org.eclipse.equinox.launcher.gtk.linux.x86_64_1.1.200.dist/eclipse_1503.so -startup /usr/lib/eclipse//plugins/org.eclipse.equinox.launcher_1.3.0.dist.jar --launcher.overrideVmargs -exitdata ad8033 -vm /usr/bin/java -vmargs -Xms40m -Xmx384m -Dorg.eclipse.equinox.p2.reconciler.dropins.directory=/usr/share/eclipse/dropins -XX:MaxPermSize=256m -jar /usr/lib/eclipse//plugins/org.eclipse.equinox.launcher_1.3.0.dist.jar
java_class_path (initial): /usr/lib/eclipse//plugins/org.eclipse.equinox.launcher_1.3.0.dist.jar
Launcher Type: SUN_STANDARD

Environment Variables:
PATH=/home/local/ASUAD/vdixit2/bin:/home/local/ASUAD/vdixit2/.local/bin:/usr/local/sbin:/usr/local/bin:/usr/sbin:/usr/bin:/sbin:/bin:/usr/games:/usr/local/games:/snap/bin:/home/local/ASUAD/vdixit2/courses/KR/Project/Binaries
SHELL=/bin/bash
DISPLAY=localhost:10.0

Signal Handlers:
SIGSEGV: [libjvm.so+0xa67f40], sa_mask[0]=11111111011111111101111111111110, sa_flags=SA_RESTART|SA_SIGINFO
SIGBUS: [libjvm.so+0xa67f40], sa_mask[0]=11111111011111111101111111111110, sa_flags=SA_RESTART|SA_SIGINFO
SIGFPE: [libjvm.so+0x8b0ec0], sa_mask[0]=11111111011111111101111111111110, sa_flags=SA_RESTART|SA_SIGINFO
SIGPIPE: SIG_IGN, sa_mask[0]=00000000000010000000000000000000, sa_flags=SA_RESTART
SIGXFSZ: [libjvm.so+0x8b0ec0], sa_mask[0]=11111111011111111101111111111110, sa_flags=SA_RESTART|SA_SIGINFO
SIGILL: [libjvm.so+0x8b0ec0], sa_mask[0]=11111111011111111101111111111110, sa_flags=SA_RESTART|SA_SIGINFO
SIGUSR1: SIG_DFL, sa_mask[0]=00000000000000000000000000000000, sa_flags=none
SIGUSR2: [libjvm.so+0x8b0d70], sa_mask[0]=00000000000000000000000000000000, sa_flags=SA_RESTART|SA_SIGINFO
SIGHUP: [libjvm.so+0x8b1240], sa_mask[0]=11111111011111111101111111111110, sa_flags=SA_RESTART|SA_SIGINFO
SIGINT: [libjvm.so+0x8b1240], sa_mask[0]=11111111011111111101111111111110, sa_flags=SA_RESTART|SA_SIGINFO
SIGTERM: [libjvm.so+0x8b1240], sa_mask[0]=11111111011111111101111111111110, sa_flags=SA_RESTART|SA_SIGINFO
SIGQUIT: [libjvm.so+0x8b1240], sa_mask[0]=11111111011111111101111111111110, sa_flags=SA_RESTART|SA_SIGINFO


---------------  S Y S T E M  ---------------

OS:DISTRIB_ID=Ubuntu
DISTRIB_RELEASE=16.04
DISTRIB_CODENAME=xenial
DISTRIB_DESCRIPTION="Ubuntu 16.04.2 LTS"

uname:Linux 4.4.0-78-generic #99-Ubuntu SMP Thu Apr 27 15:29:09 UTC 2017 x86_64
libc:glibc 2.23 NPTL 2.23 
rlimit: STACK 8192k, CORE 0k, NPROC 14980, NOFILE 65536, AS infinity
load average:0.36 0.32 0.13

/proc/meminfo:
MemTotal:        3877828 kB
MemFree:          468244 kB
MemAvailable:     704336 kB
Buffers:           27904 kB
Cached:           626332 kB
SwapCached:        20092 kB
Active:          2148084 kB
Inactive:        1029564 kB
Active(anon):    1969252 kB
Inactive(anon):   793060 kB
Active(file):     178832 kB
Inactive(file):   236504 kB
Unevictable:       34112 kB
Mlocked:           34112 kB
SwapTotal:       4022268 kB
SwapFree:        1181264 kB
Dirty:              1632 kB
Writeback:             0 kB
AnonPages:       2537952 kB
Mapped:           112660 kB
Shmem:            231404 kB
Slab:              88000 kB
SReclaimable:      47596 kB
SUnreclaim:        40404 kB
KernelStack:       13856 kB
PageTables:        56740 kB
NFS_Unstable:          0 kB
Bounce:                0 kB
WritebackTmp:          0 kB
CommitLimit:     5961180 kB
Committed_AS:   11593960 kB
VmallocTotal:   34359738367 kB
VmallocUsed:           0 kB
VmallocChunk:          0 kB
HardwareCorrupted:     0 kB
AnonHugePages:    667648 kB
CmaTotal:              0 kB
CmaFree:               0 kB
HugePages_Total:       0
HugePages_Free:        0
HugePages_Rsvd:        0
HugePages_Surp:        0
Hugepagesize:       2048 kB
DirectMap4k:      159740 kB
DirectMap2M:     3864576 kB


CPU:total 2 (initial active 2) (2 cores per cpu, 1 threads per core) family 6 model 23 stepping 10, cmov, cx8, fxsr, mmx, sse, sse2, sse3, ssse3, sse4.1, tsc

/proc/cpuinfo:
processor	: 0
vendor_id	: GenuineIntel
cpu family	: 6
model		: 23
model name	: Intel(R) Core(TM)2 Duo CPU     E8500  @ 3.16GHz
stepping	: 10
microcode	: 0xa0b
cpu MHz		: 3158.992
cache size	: 6144 KB
physical id	: 0
siblings	: 2
core id		: 0
cpu cores	: 2
apicid		: 0
initial apicid	: 0
fpu		: yes
fpu_exception	: yes
cpuid level	: 13
wp		: yes
flags		: fpu vme de pse tsc msr pae mce cx8 apic sep mtrr pge mca cmov pat pse36 clflush dts acpi mmx fxsr sse sse2 ss ht tm pbe syscall nx lm constant_tsc arch_perfmon pebs bts rep_good nopl aperfmperf pni dtes64 monitor ds_cpl vmx smx est tm2 ssse3 cx16 xtpr pdcm sse4_1 xsave lahf_lm tpr_shadow vnmi flexpriority dtherm
bugs		:
bogomips	: 6317.98
clflush size	: 64
cache_alignment	: 64
address sizes	: 36 bits physical, 48 bits virtual
power management:

processor	: 1
vendor_id	: GenuineIntel
cpu family	: 6
model		: 23
model name	: Intel(R) Core(TM)2 Duo CPU     E8500  @ 3.16GHz
stepping	: 10
microcode	: 0xa0b
cpu MHz		: 3158.992
cache size	: 6144 KB
physical id	: 0
siblings	: 2
core id		: 1
cpu cores	: 2
apicid		: 1
initial apicid	: 1
fpu		: yes
fpu_exception	: yes
cpuid level	: 13
wp		: yes
flags		: fpu vme de pse tsc msr pae mce cx8 apic sep mtrr pge mca cmov pat pse36 clflush dts acpi mmx fxsr sse sse2 ss ht tm pbe syscall nx lm constant_tsc arch_perfmon pebs bts rep_good nopl aperfmperf pni dtes64 monitor ds_cpl vmx smx est tm2 ssse3 cx16 xtpr pdcm sse4_1 xsave lahf_lm tpr_shadow vnmi flexpriority dtherm
bugs		:
bogomips	: 6317.98
clflush size	: 64
cache_alignment	: 64
address sizes	: 36 bits physical, 48 bits virtual
power management:



Memory: 4k page, physical 3877828k(468244k free), swap 4022268k(1181264k free)

vm_info: OpenJDK 64-Bit Server VM (25.131-b11) for linux-amd64 JRE (1.8.0_131-8u131-b11-0ubuntu1.16.04.2-b11), built on May  6 2017 02:45:27 by "buildd" with gcc 5.4.0 20160609

time: Sat Jun  3 17:10:29 2017
elapsed time: 11 seconds (0d 0h 0m 11s)

